# SESSION_START S0a93205e FILE:CHashMap.log PROJECT:CHashMap
370459:I:0:\n
381861:I:0:/
382549:I:1:*
382695:I:2:*
382943:I:3:\n
382952:I:4: * 
383143:I:7:\n
383150:I:8: * 
384149:I:11:@
384465:I:12:a
384574:I:13:u
384719:I:14:t
384798:I:15:h
384950:I:16:o
385063:I:17:r
385156:I:18: 
386121:I:19:b
386197:I:20:h
386272:I:21:a
386434:I:22:r
386556:I:23:a
386709:I:24:s
386843:I:25:0
386942:I:26:1
387726:I:27:\n
387733:I:28: * 
388870:I:29:/
390115:D:29:1
390565:I:30:/
392136:I:27:\n
392142:I:28: * 
441420:I:36:\n
441887:I:37:p
442104:I:38:i
442257:I:39:b
442391:I:40:l
442666:I:41:i
442840:D:41:1
443019:D:40:1
443170:D:39:1
443352:D:38:1
443408:I:38:u
443616:I:39:b
444207:I:40:l
444419:I:41:i
444514:I:42:c
444604:I:43: 
636181:I:44:C
636400:I:45:H
637333:I:46:a
637430:I:47:s
637547:I:48:h
637804:I:49:M
638012:I:50:a
638101:I:51:p
639852:I:52:<
640707:I:53:K
640967:I:54:,
641546:I:55: 
642157:I:56:V
642348:I:57:\n
642356:I:58:    
643383:D:61:1
643808:D:60:1
643990:D:59:1
644178:D:58:1
644521:D:57:1
645204:I:57:>
645720:I:58:{
646159:I:59:\n
646166:I:60:    
646584:I:64:\n
646590:I:65:    
673573:I:59:\n
673579:I:60:    
673809:I:64:\n
673813:I:65:    
674349:I:69:/
674930:I:70:*
675006:I:71:*
675107:I:72:*
675689:D:72:1
675931:I:72:\n
675936:I:73:     * 
680808:I:80:A
681028:I:81:r
681189:I:82:r
681338:I:83:a
681639:D:83:1
681846:D:82:1
682027:D:81:1
682191:D:80:1
682388:D:79:1
682757:D:78:1
683870:D:71:1
684081:D:70:1
684422:I:70:/
684909:I:71:A
685089:I:72:r
685247:I:73:r
685364:I:74:a
685444:I:75:y
685551:I:76: 
685702:I:77:o
685831:I:78:f
685900:I:79: 
688432:D:79:1
688618:D:78:1
688783:D:77:1
688941:D:76:1
689100:D:75:1
689238:D:74:1
689432:D:73:1
689595:D:72:1
689771:D:71:1
692384:I:71:E
692711:I:72:a
692926:I:73:c
693021:I:74:h
693156:I:75: 
693396:I:76:b
693478:I:77:u
693610:I:78:c
693757:I:79:k
693839:I:80:e
693967:I:81:t
694010:I:82: 
694171:I:83:i
694394:I:84:n
694491:I:85: 
694638:I:86:t
694750:I:87:h
694817:I:88:e
694886:I:89: 
696289:I:90:L
696763:I:91:i
696921:I:92:n
697039:I:93:k
697136:I:94:e
697184:I:95:d
697325:I:96:l
697572:I:97:i
697601:I:98:s
697728:I:99:t
697795:I:100: 
697870:I:101:i
697939:I:102:s
698036:I:103: 
699583:D:103:1
699870:D:102:1
700089:D:101:1
700588:D:100:1
700670:D:99:1
700753:D:98:1
700836:D:97:1
700922:D:96:1
701005:D:95:1
701089:D:94:1
701176:D:93:1
701259:D:92:1
701438:D:91:1
701625:D:90:1
701743:I:90:t
701890:I:91:a
701965:I:92:b
702190:I:93:l
702328:I:94:e
702426:I:95: 
702531:I:96:i
702569:I:97:s
702683:I:98: 
702794:I:99:a
702877:I:100: 
703045:I:101:l
703296:I:102:i
703540:I:103:n
703634:I:104:k
703730:I:105:e
703807:I:106:d
703923:I:107:l
704133:I:108:i
704142:I:109:s
704263:I:110:t
704357:I:111: 
705894:I:112:o
705918:I:113:f
706916:I:114: 
708012:I:115:E
708131:I:116:n
708292:I:117:t
708497:I:118:r
708922:I:119:y
710176:I:120:(
710776:I:121:K
711082:D:121:1
711260:D:120:1
711868:I:120:<
712286:I:121:K
712513:I:122:,
712885:I:123:V
713553:I:124:>
715326:I:125: 
715413:I:126:o
715793:D:126:1
716333:I:126:s
716461:I:127:i
716548:I:128:n
716645:I:129:c
716731:I:130:e
716863:I:131: 
716932:I:132:i
717070:I:133:t
717825:D:133:1
718516:I:133:t
718588:I:134:s
718697:I:135: 
718833:I:136:c
718954:I:137:h
719065:I:138:a
719169:I:139:i
719333:I:140:n
719466:I:141:i
719528:I:142:n
719614:I:143:g
719741:I:144: 
720235:I:145:\n
720239:I:146:    
723096:I:150:p
723358:I:151:r
723481:I:152:i
723630:I:153:v
723802:I:154:a
723976:I:155:t
724056:I:156:e
724113:I:157: 
724414:I:158:L
724631:I:159:i
724864:I:160:m
724912:I:161:k
725001:I:162:e
725172:I:163:d
725282:D:163:1
725486:D:162:1
725647:D:161:1
726197:D:160:1
726487:I:160:n
726644:I:161:k
726815:I:162:e
726852:I:163:d
727097:I:164:L
727316:I:165:i
727378:I:166:s
727513:I:167:t
730358:I:168:<
730529:I:169:E
730705:I:170:n
730843:I:171:t
731044:I:172:r
731266:I:173:y
731933:I:174:<
732241:I:175:K
732669:I:176:,
733302:I:177: 
733745:I:178:V
734511:I:179:>
734691:I:180:>
737315:I:181:[
737766:I:182:]
738288:I:184: 
738398:I:185:t
739076:D:185:1
739396:D:184:1
739934:D:183:1
740419:I:183: 
740629:I:184:t
740807:I:185:a
741150:I:186:b
741281:I:187:l
741381:I:188:e
741565:I:189:;
756567:I:190:\n
756574:D:195:1
756814:I:195:\n
756821:I:196:    
757156:I:200:/
757313:I:201:/
757581:I:202:n
757752:I:203:u
757899:I:204:m
758148:I:205:b
758246:I:206:e
758312:I:207:r
758431:I:208: 
758524:I:209:o
758638:I:210:f
758749:I:211: 
761119:I:212:e
761280:I:213:n
761407:I:214:t
761666:I:215:r
762405:I:216:i
762451:I:217:e
762636:I:218:s
762743:I:219: 
762830:I:220:s
763061:I:221:t
763151:I:222:o
763382:I:223:r
763441:I:224:e
763596:I:225:d
763732:I:226: 
763856:I:227:i
764058:I:228:n
764198:I:229: 
768333:I:230:t
768409:I:231:h
768513:I:232:e
768589:I:233: 
768778:I:234:m
768861:I:235:a
768986:I:236:p
769318:I:237:\n
769325:I:238:    
771161:I:242:p
771292:I:243:r
771423:I:244:i
771555:I:245:v
771738:I:246:a
771941:I:247:t
771987:I:248:e
772423:I:249: 
772553:I:250:i
772751:I:251:n
772850:I:252:t
772917:I:253: 
773052:I:254:s
773141:I:255:i
773275:I:256:z
773449:I:257:e
773629:I:258:;
789553:I:259:\n
789560:I:260:    
789819:I:264:\n
789825:I:265:    
790185:I:269:/
790321:I:270:/
793747:I:271:l
793927:I:272:o
793990:I:273:a
794153:I:274:d
795184:I:275:F
795470:D:275:1
795670:I:275: 
795803:I:276:f
795951:I:277:a
796112:I:278:c
796298:I:279:t
796416:I:280:o
796503:I:281:r
796649:I:282:o
796969:D:282:1
797113:I:282: 
797250:I:283:o
797378:I:284:f
797419:I:285: 
797570:I:286:t
797642:I:287:h
797736:I:288:e
797787:I:289: 
797930:I:290:h
798002:I:291:a
798106:I:292:s
798274:I:293:h
798509:I:294:m
798598:I:295:a
798721:I:296:p
798991:I:297:\n
798997:I:298:    
800363:I:302:p
800441:I:303:r
800599:I:304:i
800704:I:305:v
800886:I:306:a
801078:I:307:e
801184:I:308: 
802428:D:308:1
802644:D:307:1
803156:I:307:t
803232:I:308:e
803340:I:309: 
803556:I:310:d
803649:I:311:o
803799:I:312:u
803879:I:313:b
804140:I:314:e
804249:I:315: 
805426:D:315:1
805618:D:314:1
805773:D:313:1
805981:I:313:l
806145:I:314:e
806279:I:315: 
806393:I:316:l
806674:D:316:1
807214:I:316:l
807458:I:317:o
807516:I:318:a
807645:I:319:d
808900:I:320:D
809514:D:320:1
809707:I:320:F
809868:I:321:a
810069:I:322:c
810334:I:323:t
810478:I:324:o
810622:I:325:r
811325:I:326:;
811715:I:327:\n
811722:I:328:    
812173:I:332:}
812180:D:328:4
846884:I:327:\n
846896:I:328:    
847104:I:332:\n
847110:I:333:    
847281:I:337:\n
847287:I:338:    
848510:I:337:/
849033:I:338:*
849162:I:339:*
849424:I:340:\n
849430:I:341:     * 
856066:I:348:c
856168:I:349:o
856307:I:350:n
856415:I:351:t
856773:D:351:1
856876:I:351:s
857247:D:351:1
857419:D:350:1
857578:D:349:1
857741:D:348:1
857837:I:348:w
857888:I:349:e
857956:I:350: 
858028:I:351:w
858130:I:352:i
858380:I:353:l
858533:I:354:l
858613:I:355: 
858702:I:356:c
858801:I:357:o
858984:I:358:n
859043:I:359:s
859237:I:360:t
859370:I:361:r
859461:I:362:u
859585:I:363:c
859771:I:364:t
859866:I:365: 
862312:D:365:1
862488:D:364:1
862670:D:363:1
862815:D:362:1
863317:D:361:1
863400:D:360:1
863484:D:359:1
863567:D:358:1
863652:D:357:1
863734:D:356:1
863819:D:355:1
863901:D:354:1
863986:D:353:1
864067:D:352:1
864156:D:351:1
864233:D:350:1
864348:D:349:1
864543:D:348:1
864680:I:348:c
864785:I:349:o
864987:I:350:n
865078:I:351:s
865243:I:352:t
865386:I:353:r
865521:I:354:u
865649:I:355:c
865827:I:356:t
865977:I:357:s
866087:I:358: 
866208:I:359:a
866307:I:360:n
866433:I:361: 
866533:I:362:e
866640:I:363:m
866843:I:364:p
866943:I:365:t
867131:I:366:y
867225:I:367: 
870996:I:368:c
871109:I:369:h
871246:I:370:a
871375:I:371:i
871634:I:372:n
871801:I:373:i
871862:I:374:n
871951:I:375:g
872042:I:376: 
872167:I:377:h
872260:I:378:a
872329:I:379:s
872409:I:380:h
872656:I:381: 
872802:I:382:m
872893:I:383:a
873019:I:384:p
873126:I:385: 
874726:I:386:e
875054:D:386:1
875205:I:386:w
875334:I:387:i
875476:I:388:t
875590:I:389:h
875730:I:390: 
875902:I:391:t
876018:I:392:h
876102:I:393:e
876174:I:394: 
876283:I:395:g
876408:I:396:i
876576:I:397:v
876722:I:398:e
876832:I:399:n
876966:I:400: 
877101:I:401:i
877251:I:402:n
877382:I:403:i
877759:D:403:1
877876:I:403:t
877951:I:404: 
878244:I:405:c
878481:I:406:a
878667:I:407:p
879540:I:408:a
879746:I:409:c
879821:I:410:i
879981:I:411:t
880106:I:412:y
880217:I:413: 
881710:I:414:a
881852:I:415:n
882002:I:416:d
882092:I:417: 
882841:I:418:l
883067:I:419:o
883095:I:420:a
883222:I:421:d
883325:I:422: 
883453:I:423:f
883712:I:424:a
883894:I:425:c
884180:I:426:t
884685:I:427:o
884783:I:428:r
886402:D:403:1
886689:I:403:i
886892:I:404:t
887510:I:405:i
887635:I:406:a
887754:I:407:l
894255:I:433:\n
894264:I:434:     * 
894896:I:441:\n
894901:I:442:     * 
896382:I:449:@
896637:I:450:p
896734:I:451:a
896860:I:452:r
896973:I:453:a
897137:I:454:m
897646:I:455: 
899136:I:456:i
899382:I:457:n
899595:I:458:i
900981:I:459:C
901200:I:460:a
901350:I:461:p
901773:I:462: 
903166:D:462:1
903377:D:461:1
903541:D:460:1
903893:D:459:1
904262:I:459:t
904438:I:460:i
904821:D:460:1
905034:D:459:1
933757:I:459:i
933989:I:460:t
934800:I:461:i
934912:I:462:a
935028:I:463:l
935347:I:464:C
935546:I:465:a
935661:I:466:p
935728:I:467:a
935902:I:468:c
936083:I:469:i
936224:I:470:t
936410:I:471:y
938967:I:472: 
942016:I:473:n
942132:I:474:u
942638:I:475:m
942847:I:476:b
942932:I:477:e
942991:I:478:r
943117:I:479: 
943292:I:480:o
943498:I:481:f
943589:I:482: 
943771:I:483:b
943934:I:484:u
944097:I:485:c
944214:I:486:e
944227:I:487:k
944422:I:488:t
944503:I:489:s
944567:I:490: 
944677:I:491:i
944835:I:492:n
944951:I:493: 
944994:I:494:t
945113:I:495:e
945137:I:496:h
945262:I:497: 
945373:I:498:h
945462:I:499:a
945558:I:500:s
945768:D:500:1
945938:D:499:1
946086:D:498:1
946277:D:497:1
946439:D:496:1
946596:D:495:1
946713:I:495:h
946844:I:496:e
946876:I:497: 
947002:I:498:h
947179:I:499:a
947189:I:500:s
947311:I:501:h
947466:I:502:a
947581:I:503:m
947770:D:503:1
947955:D:502:1
948200:I:502:a
948348:I:503:m
948480:D:503:1
948714:D:502:1
949028:I:502:m
949181:I:503:a
949281:I:504:p
949526:I:505:\n
949531:I:506:     * 
950193:I:513:@
950401:I:514:p
950506:I:515:a
950602:I:516:r
950737:I:517:a
950828:I:518:m
950982:I:519: 
952481:I:520:l
952704:I:521:o
952769:I:522:a
952949:I:523:d
953324:I:524:D
953523:I:525:a
953951:D:525:1
954141:D:524:1
954270:I:524:F
954447:I:525:a
954639:I:526:c
954826:I:527:t
954949:I:528:o
955041:I:529:r
955177:I:530: 
958030:I:531:l
958233:I:532:o
958262:I:533:a
958437:I:534:d
958953:I:535: 
959050:I:536:f
959230:I:537:a
959388:I:538:c
959584:I:539:t
959706:I:540:o
959812:I:541:r
969035:I:542:\n
969041:I:543:     * 
970166:I:549:/
970574:I:550:\n
970581:I:552:   
979368:I:555:p
979552:I:556:u
979696:I:557:b
979866:I:558:l
980091:I:559:i
980187:I:560:c
980310:I:561: 
982270:I:562:C
982390:I:563:H
983103:I:564:a
983223:I:565:s
983314:I:566:h
983539:I:567:M
983715:I:568:a
983788:I:569:p
985564:I:570:(
985788:I:571:i
985911:I:572:n
985997:I:573:t
986097:I:574: 
986202:I:575:i
986390:I:576:n
986516:I:577:i
986648:I:578:t
986762:I:579:i
986903:I:580:a
987125:I:581:l
987410:I:582:C
987560:I:583:a
987657:I:584:p
987747:I:585:a
987912:I:586:c
988131:I:587:t
988451:D:587:1
988616:I:587:i
988708:I:588:t
988881:I:589:y
988948:I:590:,
989100:I:591: 
990431:I:592:d
990548:I:593:o
990673:I:594:u
990777:I:595:b
990922:I:596:l
991019:I:597:e
991110:I:598: 
991252:I:599:l
991495:I:600:o
991579:I:601:a
991720:I:602:d
992088:I:603:F
992250:I:604:a
992406:I:605:c
992638:I:606:t
992736:I:607:o
992830:I:608:r
993839:I:609:)
994593:I:610:{
995541:I:611:\n
995546:I:612:        
995899:I:620:}
995906:D:616:4
996720:I:616:\n
996726:I:617:    
1012169:I:616:s
1012678:D:616:1
1015762:I:616:t
1015915:I:617:h
1016068:I:618:i
1016230:I:619:s
1016431:I:620:.
1016710:I:621:l
1016952:I:622:o
1017038:I:623:a
1017210:I:624:d
1017470:I:625:f
1017663:D:625:1
1017918:I:625:F
1018028:I:626:a
1018397:I:627:c
1018615:I:628:t
1018726:I:629:o
1018851:I:630:r
1019003:I:631: 
1019084:I:632:=
1019236:I:633: 
1019521:I:634:l
1019727:I:635:o
1019781:I:636:a
1019980:I:637:d
1021148:I:638:F
1021326:I:639:a
1021551:I:640:c
1021831:I:641:t
1021959:I:642:o
1022058:I:643:r
1022310:I:644:;
1023578:I:611:\n
1023583:I:612:        
1025141:I:654:\n
1025148:I:655:    
1027116:I:659:s
1027249:I:660:i
1027365:I:661:z
1027551:I:662:e
1027991:D:662:1
1028160:D:661:1
1028357:D:660:1
1028506:D:659:1
1028879:I:659:/
1029105:I:660:/
1029429:I:661:i
1029558:I:662:n
1029713:I:663:i
1029819:I:664:t
1029946:I:665:i
1030101:I:666:a
1030300:I:667:l
1030515:I:668:i
1030637:I:669:z
1030809:I:670:e
1030925:I:671: 
1031268:I:672:0
1031391:I:673: 
1031501:I:674:s
1031605:I:675:i
1031734:I:676:z
1031921:I:677:e
1031995:I:678:\n
1032000:I:679:    
1032244:I:683:s
1032363:I:684:i
1032502:I:685:z
1032675:I:686:e
1032849:I:687: 
1033017:I:688:=
1033214:I:689: 
1033363:I:690:0
1033697:I:691:;
1036956:I:692:\n
1036962:I:693:    
1037361:I:697:\n
1037367:I:698:    
1038535:I:702:/
1038669:I:703:/
1039020:I:704:w
1039136:I:705:e
1039222:I:706: 
1039304:I:707:w
1039375:I:708:i
1039622:I:709:l
1039754:I:710:l
1039845:I:711: 
1039886:I:712:c
1040070:I:713:r
1040218:I:714:e
1040301:I:715:a
1040467:I:716:t
1040534:I:717:e
1040602:I:718: 
1040700:I:719:t
1040822:I:720:e
1040838:I:721:h
1040980:I:722: 
1043037:I:723:a
1043191:I:724:r
1043390:I:725:r
1043549:D:725:1
1043722:D:724:1
1043895:D:723:1
1044061:D:722:1
1044217:D:721:1
1044374:D:720:1
1044531:I:720:h
1044651:I:721:e
1044732:I:722: 
1044913:I:723:a
1045058:I:724:r
1045197:I:725:r
1045279:I:726:a
1045368:I:727:y
1045469:I:728: 
1045617:I:729:o
1045708:I:730:f
1045758:I:731: 
1045925:I:732:l
1046132:I:733:i
1046342:I:734:n
1046445:I:735:k
1046557:I:736:e
1046598:I:737:d
1046745:I:738: 
1046814:I:739:l
1047030:I:740:i
1047109:I:741:s
1047202:I:742:t
1047308:I:743:s
1049939:I:744:\n
1049949:I:745:    
1078478:I:749:t
1078720:I:750:a
1078915:I:751:b
1080332:I:752:l
1080461:I:753:e
1080587:I:754: 
1080664:I:755:=
1080795:I:756: 
1097345:I:757:(
1097813:I:758:L
1098127:I:759:i
1098364:I:760:n
1098463:I:761:k
1098570:I:762:e
1098634:I:763:d
1098932:I:764:L
1099171:I:765:i
1099249:I:766:s
1099433:I:767:t
1101484:I:768:<
1101790:I:769:E
1101982:I:770:n
1102201:I:771:t
1102389:I:772:r
1102559:I:773:y
1104220:I:774:<
1104635:I:775:K
1105345:I:776:,
1105693:I:777: 
1106476:I:778:V
1107018:I:779:>
1107260:I:780:>
1107935:I:781:)
1109645:I:782: 
1109883:I:783:n
1109988:I:784:e
1110050:I:785:w
1110139:I:786: 
1110381:I:787:L
1110610:I:788:i
1110831:I:789:n
1110884:I:790:k
1110990:I:791:e
1111055:I:792:d
1111318:I:793:L
1111505:I:794:i
1111565:I:795:s
1111694:I:796:t
1115630:I:797:[
1116066:I:798:i
1116209:I:799:n
1116333:I:800:i
1116480:I:801:t
1116571:I:802:i
1116752:I:803:a
1116876:I:804:l
1117222:I:805:C
1117424:I:806:a
1117487:I:807:p
1117635:I:808:a
1117899:I:809:c
1118106:I:810:i
1118229:I:811:t
1118443:I:812:y
1118949:I:813:]
1120326:I:814:;
1125057:I:815:\n
1125068:I:816:    
1125258:I:820:\n
1125263:I:821:    
1125905:I:825:/
1126071:I:826:/
1126213:I:827:w
1126288:I:828:e
1126411:I:829: 
1126464:I:830:w
1126656:I:831:i
1126991:I:832:l
1127151:I:833:l
1127251:I:834: 
1127304:I:835:a
1127473:I:836:d
1127611:I:837:d
1127700:I:838: 
1128231:I:839:e
1128411:I:840:a
1128590:I:841:c
1128700:I:842:h
1128846:I:843: 
1129036:I:844:b
1129217:I:845:u
1129401:I:846:c
1129562:I:847:k
1129788:I:848:e
1129948:I:849:t
1130396:I:850: 
1130488:I:851:w
1130594:I:852:i
1130728:I:853:t
1130844:I:854:h
1130975:I:855: 
1131046:I:856:a
1131197:I:857: 
1131684:D:857:1
1131921:I:857:n
1132077:I:858: 
1132197:I:859:e
1132284:I:860:m
1132479:I:861:p
1132585:I:862:t
1132755:I:863:y
1132833:I:864: 
1133955:I:865:l
1134182:I:866:i
1134370:I:867:n
1134449:I:868:k
1134585:I:869:e
1134669:I:870:d
1134762:I:871: 
1134862:I:872:l
1135068:I:873:i
1135137:I:874:s
1135275:I:875:t
1135426:I:876:\n
1135431:I:877:    
1137258:I:881:f
1137342:I:882:o
1137463:I:883:r
1137693:I:884:(
1137929:I:885:i
1138055:I:886:n
1138143:I:887:t
1138231:I:888: 
1138289:I:889:i
1138432:I:890: 
1138636:I:891:=
1138960:I:892: 
1139343:I:893:0
1139574:I:894:;
1139679:I:895: 
1139868:I:896:i
1139971:I:897: 
1140260:I:898:<
1140387:I:899: 
1142703:I:900:t
1142950:I:901:a
1143721:I:902:b
1144143:I:903:l
1144567:D:903:1
1144903:I:903:k
1145083:I:904:e
1145229:I:905:.
1145529:D:905:1
1145702:D:904:1
1145882:D:903:1
1146005:I:903:l
1146280:I:904:e
1146613:I:905:.
1147495:D:905:1
1147675:D:904:1
1147836:D:903:1
1148007:D:902:1
1148193:D:901:1
1148353:D:900:1
1148650:I:900:i
1148754:I:901:n
1148977:I:902:t
1149447:D:902:1
1149611:I:902:i
1149748:I:903:t
1149860:I:904:i
1150020:I:905:a
1150177:I:906:l
1150714:I:907:C
1150885:I:908:a
1150972:I:909:p
1151457:I:910:c
1151846:D:910:1
1151974:I:910:a
1152174:I:911:c
1152282:I:912:i
1152422:I:913:t
1152815:I:914:y
1153836:I:915:;
1154090:I:916: 
1154673:I:917:i
1155052:I:918:+
1155236:I:919:+
1156625:I:920:)
1157282:I:921:{
1157556:I:922:\n
1157562:I:923:        
1159414:I:931:t
1159587:I:932:a
1160010:I:933:b
1160199:I:934:l
1160347:I:935:e
1160808:I:936:[
1161105:I:937:i
1162050:I:938:]
1162210:I:939: 
1162356:I:940:=
1162441:I:941: 
1162668:I:942:n
1162783:I:943:e
1162841:I:944:w
1164355:I:945: 
1164574:I:946:L
1164768:I:947:i
1164978:I:948:n
1165060:I:949:k
1165148:I:950:e
1165219:I:951:d
1165441:I:952:L
1165657:I:953:i
1165734:I:954:s
1165874:I:955:t
1166252:I:956:<
1166563:I:957:>
1169072:I:958:(
1169430:I:959:)
1170010:I:960:;
1183929:D:972:1
1191550:I:973:\n
1191555:I:974:    
1192087:I:978:}
1192096:D:974:4
1202887:I:625:    
1206062:I:663:    
1207958:I:691:    
1209247:I:714:    
1210378:I:765:    
1211616:I:845:    
1212828:I:905:    
1213983:I:959:    
1214870:I:998:    
1218377:I:1009:\n
1218383:I:1010:    
1218884:I:1014:\n
1218891:I:1015:    
1219152:I:1019:\n
1219157:I:1020:    
1224394:I:1014:/
1225052:D:1014:1
1225633:I:1014:\n
1225639:I:1015:    
1225992:I:1019:/
1226652:I:1020:*
1226797:I:1021:*
1227404:I:1022:\n
1227408:I:1023:     * 
1227630:I:1030:\n
1227635:I:1031:     * 
1229312:I:1038:t
1229423:I:1039:h
1229535:I:1040:i
1229686:I:1041:s
1229762:I:1042: 
1229912:I:1043:m
1229980:I:1044:e
1230144:I:1045:t
1230183:I:1046:h
1230334:I:1047:o
1230434:I:1048:d
1230521:I:1049: 
1230610:I:1050:w
1230690:I:1051:i
1230892:I:1052:l
1231038:I:1053:l
1231106:I:1054: 
1231149:I:1055:r
1231208:I:1056:e
1231340:I:1057:t
1231430:I:1058:u
1231564:I:1059:r
1231650:I:1060:n
1231786:I:1061: 
1233075:I:1062:a
1233168:I:1063: 
1233307:I:1064:s
1233498:I:1065:t
1233659:I:1066:r
1233706:I:1067:i
1233819:I:1068:n
1233887:I:1069:g
1233981:I:1070: 
1234116:I:1071:p
1234175:I:1072:r
1234257:I:1073:e
1234689:D:1073:1
1234858:D:1072:1
1235015:D:1071:1
1235071:I:1071:r
1235151:I:1072:e
1235216:I:1073:p
1235341:I:1074:r
1235418:I:1075:e
1235636:I:1076:s
1235811:I:1077:e
1235924:I:1078:n
1236042:I:1079:t
1236183:I:1080:a
1236364:I:1081:t
1236402:I:1082:i
1236473:I:1083:o
1236653:I:1084:n
1236772:I:1085: 
1236915:I:1086:o
1237026:I:1087:f
1237061:I:1088: 
1237216:I:1089:t
1237263:I:1090:h
1237342:I:1091:e
1237403:I:1092: 
1237577:I:1093:s
1238419:D:1093:1
1238634:I:1093:h
1238818:I:1094:a
1238911:I:1095:s
1239003:I:1096:h
1239165:I:1097: 
1239399:I:1098:m
1239527:I:1099:a
1239657:I:1100:p
1278829:I:1101:\n
1278839:I:1102:     * 
1279119:I:1109:\n
1279125:I:1110:     * 
1279808:I:1117:@
1280097:I:1118:r
1280178:I:1119:e
1280338:I:1120:t
1280459:I:1121:u
1280585:I:1122:r
1280702:I:1123:n
1280854:I:1124: 
1281166:I:1125:s
1281314:I:1126:t
1281438:I:1127:r
1281507:I:1128:i
1281617:I:1129:n
1281702:I:1130:g
1281833:I:1131: 
1282019:I:1132:r
1282123:I:1133:e
1282239:I:1134:p
1282401:I:1135:r
1282481:I:1136:e
1282674:I:1137:s
1282838:I:1138:e
1282993:I:1139:n
1283124:I:1140:t
1283251:I:1141:a
1283462:I:1142:t
1283549:I:1143:i
1283628:I:1144:o
1283815:I:1145:n
1283958:I:1146: 
1284043:I:1147:o
1284126:I:1148:f
1284219:I:1149: 
1284341:I:1150:t
1284487:I:1151:h
1284650:I:1152:e
1284769:I:1153: 
1284993:I:1154:h
1285057:I:1155:a
1285149:I:1156:s
1285235:I:1157:h
1285810:I:1158: 
1285921:I:1159:m
1286040:I:1160:a
1286207:I:1161:p
1287337:I:1162:\n
1287342:I:1163:     * 
1288408:I:1169:/
1288745:I:1170:\n
1288750:I:1172:   
1296249:I:1175:p
1296511:I:1176:u
1296712:I:1177:b
1296893:I:1178:l
1297100:I:1179:i
1297184:I:1180:c
1297266:I:1181: 
1297471:I:1182:S
1297669:I:1183:t
1297814:I:1184:r
1297831:I:1185:i
1298022:I:1186:g
1298150:I:1187:n
1298571:D:1187:1
1298686:D:1186:1
1298920:I:1186:n
1299063:I:1187:g
1299175:I:1188: 
1299384:I:1189:t
1299456:I:1190:o
1299770:I:1191:S
1299960:I:1192:t
1300113:I:1193:r
1300152:I:1194:i
1300233:I:1195:n
1300309:I:1196:g
1300723:I:1197:(
1301688:I:1198:)
1302141:I:1199:{
1302933:I:1200:\
1303440:I:1201:}
1303983:D:1201:1
1304407:D:1200:1
1304805:I:1200:\n
1304811:I:1201:        
1305137:I:1209:}
1305148:D:1205:4
1305868:I:1205:\n
1305874:I:1206:    
1311231:I:1205:\n
1311241:I:1206:        
1312494:I:1214:S
1312765:I:1215:t
1312923:I:1216:r
1312992:I:1217:i
1313076:I:1218:n
1313153:I:1219:g
1313285:I:1220: 
1313487:I:1221:s
1313649:I:1222:t
1315785:I:1223:r
1315981:I:1224:i
1316119:I:1225:n
1316217:I:1226:g
1316434:I:1227: 
1316571:I:1228:=
1316678:I:1229: 
1318324:I:1230:"
1318800:I:1231:"
1319510:I:1232:;
1319717:I:1233:\n
1319723:I:1234:        
1320359:I:1242:\n
1320365:I:1243:        
1320438:I:1251:r
1320518:I:1252:e
1320634:I:1253:t
1320798:I:1254:u
1321164:I:1255:r
1321258:I:1256:n
1321390:I:1257: 
1321520:I:1258:s
1321668:I:1259:t
1321813:I:1260:r
1321843:I:1261:i
1321925:I:1262:n
1322050:I:1263:g
1322231:I:1264:;
1347355:I:1230:s
1347498:I:1231:i
1347700:I:1232:z
1347965:I:1233:e
1348162:I:1234: 
1348381:D:1234:1
1348524:I:1234: 
1349235:I:1235:+
1349358:I:1236: 
1351818:I:1238: 
1357373:I:1238:\c
1358549:I:1239:[
1363164:D:1240:1
1386216:I:1242:\n
1386222:I:1243:        
1386445:I:1251:\n
1386450:I:1252:        
1387034:I:1260:/
1387186:I:1261:/
1387317:I:1262:a
1387671:I:1263:d
1387819:I:1264:d
1388159:I:1265: 
1388577:I:1266:e
1388698:I:1267:a
1388908:I:1268:c
1389013:I:1269:h
1389127:I:1270: 
1390588:I:1271:b
1390693:I:1272:u
1391389:I:1273:c
1391479:I:1274:k
1391561:I:1275:e
1391732:I:1276:t
1391893:I:1277:s
1392067:I:1278:'
1392289:I:1279: 
1392372:I:1280:s
1392519:I:1281:t
1392683:I:1282:r
1392712:I:1283:i
1392775:I:1284:n
1392909:I:1285:g
1393712:I:1286: 
1394301:I:1287:l
1394503:I:1288:i
1394592:I:1289:s
1394745:I:1290:t
1394963:D:1290:1
1395145:D:1289:1
1395312:D:1288:1
1395460:D:1287:1
1395867:I:1287:\n
1395873:I:1288:        
1397500:I:1296:f
1397668:I:1297:r
1397999:D:1297:1
1398152:I:1297:o
1398298:I:1298:r
1398494:I:1299:(
1398873:I:1300:L
1399122:I:1301:i
1399287:I:1302:n
1399418:I:1303:e
1399947:D:1303:1
1400123:I:1303:k
1400244:I:1304:e
1400279:I:1305:d
1400484:I:1306:L
1400702:I:1307:i
1400754:I:1308:s
1400865:I:1309:t
1401488:I:1310:<
1402394:I:1311:K
1402667:I:1312:,
1403058:I:1313: 
1403396:I:1314:V
1403698:I:1315:>
SESSION_START Sfd38146e
# SESSION_START Sfd38146e FILE:CHashMap.log PROJECT:CHashMap
53:D:1286:1
373:I:1286: 
649:I:1287:i
751:I:1288:n
860:I:1289:t
959:I:1290:o
1068:I:1291: 
1159:I:1292:t
1284:I:1293:h
1384:I:1294:e
1463:I:1295: 
1602:I:1296:s
1875:I:1297:r
2073:I:1298:i
2196:I:1299:n
2441:D:1299:1
2659:D:1298:1
2814:D:1297:1
2877:I:1297:t
3041:I:1298:r
3136:I:1299:i
3225:I:1300:n
3286:I:1301:g
4206:I:1331:x
4734:D:1331:1
7117:I:1331:>
60150:I:1332: 
60712:I:1333:i
61023:D:1333:1
61241:I:1333:l
61444:I:1334:i
61525:I:1335:s
61660:I:1336:t
61924:I:1337: 
62230:I:1338:\c
62382:I:1339: 
62518:I:1340:t
62673:I:1341:a
63111:I:1342:n
63581:D:1342:1
63828:I:1342:n
64158:D:1342:1
64290:I:1342:b
64391:I:1343:l
64593:I:1344:e
243278:I:1345:)
244246:I:1346:{
244853:I:1347:\n
244859:I:1348:            
253539:I:1360:s
253763:I:1361:t
253963:I:1362:r
254094:I:1363:i
254183:I:1364:n
254254:I:1365:g
256093:I:1366: 
256345:I:1367:=
256504:I:1368: 
256667:I:1369:s
256837:I:1370:t
256987:I:1371:r
257137:I:1372:i
257189:I:1373:n
257337:I:1374:g
257659:I:1375: 
257856:I:1376:+
257973:I:1377: 
266284:I:1378:l
266500:I:1379:i
266626:I:1380:s
266889:I:1381:t
267329:I:1382: 
267566:I:1383:+
267731:I:1384: 
268351:I:1385:"
268714:I:1386: 
269393:I:1387:"
270347:I:1388:;
273179:I:1347:\n
273193:I:1348:            
273400:I:1360:/
273549:I:1361:/
273673:I:1362:w
273741:I:1363:e
273845:I:1364: 
273976:I:1365:w
274080:I:1366:i
274293:I:1367:l
274441:I:1368:l
274535:I:1369: 
274600:I:1370:a
274807:I:1371:d
274943:I:1372:d
275014:I:1373: 
275247:I:1374:h
275561:D:1374:1
275678:I:1374:t
275808:I:1375:h
275891:I:1376:e
275997:I:1377: 
276948:I:1378:s
277130:I:1379:t
277296:I:1380:r
277388:I:1381:i
277541:I:1382:n
277665:I:1383:g
278243:I:1384: 
278565:I:1385:a
278686:I:1386:n
278749:I:1387:d
278872:I:1388: 
278980:I:1389:t
279086:I:1390:h
279188:I:1391:e
279278:I:1392:n
279385:I:1393: 
279591:I:1394:t
279675:I:1395:h
279777:I:1396:e
279913:I:1397: 
280097:I:1398:l
280293:I:1399:i
280649:D:1399:1
281512:D:1398:1
282012:D:1397:1
282095:D:1396:1
282178:D:1395:1
282273:D:1394:1
282343:D:1393:1
282426:D:1392:1
282512:D:1391:1
282597:D:1390:1
282680:D:1389:1
282764:D:1388:1
282846:D:1387:1
282929:D:1386:1
283013:D:1385:1
283097:D:1384:1
283179:D:1383:1
283263:D:1382:1
283345:D:1381:1
283430:D:1380:1
283751:D:1379:1
284080:D:1378:1
284216:I:1378:s
284420:I:1379:t
284573:I:1380:r
284644:I:1381:i
284731:I:1382:n
284816:I:1383:g
284907:I:1384: 
285009:I:1385:r
285126:I:1386:e
285155:I:1387:p
285281:I:1388: 
285419:I:1389:o
285478:I:1390:f
285577:I:1391: 
285808:I:1392:b
285889:I:1393:u
286115:I:1394:c
286247:I:1395:k
286331:I:1396:e
286507:I:1397:t
286586:I:1398: 
287094:D:1398:1
287397:I:1398:,
287501:I:1399: 
304779:I:1400:t
304890:I:1401:h
304978:I:1402:e
305106:I:1403: 
305301:I:1404:l
305563:I:1405:i
305761:I:1406:n
305918:I:1407:k
306048:I:1408:e
306119:I:1409:d
306281:I:1410: 
306444:I:1411:l
306659:I:1412:i
306713:I:1413:s
306843:I:1414:t
306893:I:1415: 
307092:I:1416:a
307206:I:1417:a
307278:I:1418:n
307627:D:1418:1
307828:D:1417:1
308162:I:1417:n
308298:I:1418:d
308378:I:1419: 
308547:I:1420:s
308626:I:1421:p
308769:I:1422:a
308973:I:1423:c
309112:I:1424:e
309183:I:1425: 
309310:I:1426:i
309475:I:1427:n
309579:I:1428: 
309732:I:1429:b
309830:I:1430:e
309976:I:1431:t
310148:I:1432:w
310346:I:1433:e
310487:I:1434:e
310611:I:1435:n
311766:I:1478:\n
311774:I:1479:            
314648:I:1491:}
314656:D:1487:4
315331:I:1488:\n
315337:I:1489:        
318824:I:1497:\n
318835:I:1498:        
324256:I:1497:s
324573:I:1498:t
324789:I:1499:r
324917:I:1500:i
325012:I:1501:n
325128:I:1502:g
325313:I:1503: 
325817:I:1504:=
325942:I:1505: 
326198:I:1506:s
326404:I:1507:t
326564:I:1508:r
327278:I:1509:i
327416:I:1510:n
327545:I:1511:g
327641:I:1512: 
327859:I:1513:+
328000:I:1514: 
328262:I:1515:"
329981:I:1516:]
330260:I:1517:"
330889:I:1518:;
332295:I:1488:\n
332300:I:1489:        
332699:I:1497:/
332850:I:1498:/
332989:I:1499:c
333134:I:1500:l
333346:I:1501:o
333408:I:1502:s
333582:I:1503:e
333663:I:1504: 
333773:I:1505:t
333863:I:1506:h
333915:I:1507:e
333996:I:1508: 
334442:I:1509:b
334607:I:1510:r
334783:I:1511:a
334955:I:1512:d
335029:I:1513:k
335387:D:1513:1
335537:D:1512:1
335572:I:1512:c
335726:I:1513:k
335795:I:1514:e
335960:I:1515:t
337271:I:1547:\n
337277:I:1548:        
337623:I:1556:\n
337630:I:1557:        
535747:I:1556:/
535902:I:1557:/
536062:I:1558:r
536157:I:1559:e
536340:I:1560:p
536440:I:1561:l
536527:I:1562:a
536732:I:1563:c
536824:I:1564:e
536915:I:1565: 
537045:I:1566:t
537112:I:1567:h
537176:I:1568:e
537236:I:1569: 
537365:I:1570:c
537446:I:1571:o
537622:I:1572:m
537763:I:1573:m
537881:I:1574:a
538229:I:1575:s
538466:I:1576: 
538571:I:1577:o
538756:I:1578: 
539088:D:1578:1
539271:I:1578:f
539370:I:1579: 
539518:I:1580:t
539621:I:1581:h
539693:I:1582:e
539735:I:1583: 
539886:I:1584:l
540106:I:1585:i
540311:I:1586:n
540409:I:1587:k
540479:I:1588:e
540516:I:1589:d
540614:I:1590: 
540732:I:1591:l
540928:I:1592:i
540988:I:1593:s
541129:I:1594:t
541204:I:1595:\n
541209:I:1596:        
542612:I:1604:s
542797:I:1605:t
542959:I:1606:r
543057:I:1607:i
543161:I:1608:n
543245:I:1609:g
543363:I:1610: 
545082:D:1226:1
545256:D:1225:1
545475:D:1224:1
547755:D:1460:1
548062:D:1459:1
548228:D:1458:1
548389:D:1457:1
549198:I:1457:r
550355:D:1451:1
550527:D:1450:1
550691:D:1449:1
552226:D:1521:1
552413:D:1520:1
552575:D:1519:1
553690:D:1527:1
553858:D:1526:1
554036:D:1525:1
555136:D:1594:1
555309:D:1593:1
555472:D:1592:1
556794:I:1592: 
556975:I:1593:=
557070:I:1594: 
557558:I:1595:s
557862:I:1596:t
558008:I:1597:r
558155:I:1598:.
558896:I:1599:r
559025:I:1600:e
559176:I:1601:p
559323:I:1602:l
559391:I:1603:a
559612:I:1604:c
559705:I:1605:e
560079:I:1606:A
560257:I:1607:l
560694:I:1608:l
563667:I:1609:(
564611:I:1610:"
565008:I:1611:,
565992:I:1612:"
566710:I:1613:,
695880:I:1614: 
696370:I:1615:"
696614:I:1616:"
697217:I:1617:)
699942:I:1618:;
701206:I:1619:\n
701212:I:1621:       
875272:I:1628:/
875468:I:1629:/
875667:I:1630:r
875742:I:1631:e
875872:I:1632:t
876057:I:1633:u
876222:I:1634:r
876313:I:1635:n
876458:I:1636: 
876528:I:1637:t
876649:I:1638:h
876735:I:1639:e
876790:I:1640: 
876891:I:1641:f
877023:I:1642:i
877245:I:1643:n
877345:I:1644:a
877482:I:1645:l
877652:I:1646:s
877966:D:1646:1
878137:I:1646: 
878254:I:1647:s
878429:I:1648:t
878549:I:1649:r
878561:I:1650:i
878662:I:1651:n
878783:I:1652:g
878960:I:1653:\n
878966:I:1654:        
879183:I:1662:r
879250:I:1663:e
879380:I:1664:t
879511:I:1665:u
879654:I:1666:r
879755:I:1667:n
879887:I:1668: 
879967:I:1669:s
880089:I:1670:t
880256:I:1671:r
880346:I:1672:i
880409:I:1673:n
880515:I:1674:g
880739:I:1675:;
881638:D:1674:1
881835:D:1673:1
882211:D:1672:1
882736:I:1673:\n
882741:I:1674:        
883314:I:1682:}
883322:D:1678:4
904395:D:1680:55
905471:D:1685:1
905648:D:1684:1
905986:D:1683:1
906197:D:1682:1
906379:D:1681:1
906552:D:1680:1
906737:D:1679:1
906962:D:1678:1
907819:I:1678:}
915672:I:1:\n
915680:I:2:    
916680:D:2:4
917929:D:1:1
918597:I:0:\n
919354:I:0:i
919513:I:1:m
919692:I:2:p
919749:I:3:o
919850:I:4:r
920024:I:5:t
920073:I:6: 
920385:I:7:J
920524:I:8:a
920620:I:9:v
920734:I:10:a
921556:I:11:.
921822:I:12:u
921930:I:13:t
922033:I:14:i
922248:I:15:l
922455:I:16:.
922798:I:17:l
923078:I:18:i
923359:D:18:1
923508:D:17:1
923708:I:17:L
923935:I:18:i
924113:I:19:n
924248:I:20:j
924664:D:20:1
924831:I:20:k
924979:I:21:e
925035:I:22:d
925219:I:23:L
925424:I:24:i
925499:I:25:s
925650:I:26:t
925727:I:27:;
SESSION_START Scfc0d951
Scfc0d951:+3:SYS:COMPILE_STARTED
Scfc0d951:+158:SYS:COMPILE_ENDED
# SESSION_START Scfc0d951 FILE:CHashMap.log PROJECT:CHashMap
1834:I:73:c
1951:I:74:l
2030:I:75:a
2147:I:76:s
2314:I:77:s
2402:I:78: 
Scfc0d951:+3402:SYS:COMPILE_STARTED
Scfc0d951:+3428:SYS:COMPILE_ENDED
6528:D:1362:1
Scfc0d951:+7986:SYS:COMPILE_STARTED
Scfc0d951:+8152:SYS:COMPILE_ENDED
10754:D:7:1
10991:I:7:j
Scfc0d951:+11928:SYS:COMPILE_STARTED
Scfc0d951:+11977:SYS:COMPILE_ENDED
61562:I:348:b
Scfc0d951:+62861:SYS:COMPILE_STARTED
Scfc0d951:+62906:SYS:COMPILE_ENDED
100389:I:837:[
100622:I:838:]
Scfc0d951:+101828:SYS:COMPILE_STARTED
Scfc0d951:+101941:SYS:COMPILE_ENDED
115450:I:1361:E
115584:I:1362:n
115683:I:1363:t
115858:I:1364:r
115973:I:1365:y
117410:I:1366:<
119055:I:1371:>
Scfc0d951:+120359:SYS:COMPILE_STARTED
Scfc0d951:+120417:SYS:COMPILE_ENDED
140531:I:1569:.
140732:I:1570:t
140902:I:1571:r
140979:I:1572:i
141134:I:1573:m
141697:I:1574:(
142021:I:1575:)
Scfc0d951:+143201:SYS:COMPILE_STARTED
Scfc0d951:+143241:SYS:COMPILE_ENDED
Scfc0d951:+181662:SYS:COMPILE_STARTED
Scfc0d951:+181705:SYS:COMPILE_ENDED
Sa077fc6b:+2098154:SYS:COMPILE_STARTED
Sa077fc6b:+2098339:SYS:COMPILE_ENDED
SESSION_START Sa3b45ace
Sa3b45ace:+3934675:SYS:COMPILE_STARTED
Sa3b45ace:+3934716:SYS:COMPILE_ENDED
Sa3b45ace:+3957740:SYS:COMPILE_STARTED
Sa3b45ace:+3957766:SYS:COMPILE_ENDED
Sa3b45ace:+3963017:SYS:COMPILE_STARTED
Sa3b45ace:+3963041:SYS:COMPILE_ENDED
# SESSION_START Sa3b45ace FILE:CHashMap.log PROJECT:CHashMap
4081050:I:1047:\n
4081064:I:1048:    
4081558:I:1052:\n
4081563:I:1053:    
4081888:I:1057:/
4082711:I:1058:*
4082846:I:1059:*
4083055:I:1060:\n
4083059:I:1061:     * 
4085033:I:1068:o
4086178:D:1068:1
4086503:I:1068:o
4086653:I:1069:u
4086775:I:1070:t
4086806:I:1071:s
4086942:I:1072: 
4087161:I:1073:a
4087303:I:1074: 
4088443:D:1074:1
4088621:D:1073:1
4088775:D:1072:1
4088934:D:1071:1
4089089:D:1070:1
4089254:D:1069:1
4089445:D:1068:1
4089735:I:1068:p
4089957:I:1069:u
4090116:I:1070:t
4090179:I:1071:s
4090294:I:1072: 
4090538:I:1073:a
4090606:I:1074: 
4090751:I:1075:k
4090882:I:1076:e
4091048:I:1077:y
4091620:I:1078: 
4091727:I:1079:a
4091870:I:1080:n
4091941:I:1081:d
4092057:I:1082: 
4092155:I:1083:v
4092370:I:1084:a
4092487:I:1085:l
4092676:I:1086:u
4092748:I:1087:e
4092799:I:1088: 
4092952:I:1089:t
4093026:I:1090:o
4093088:I:1091: 
4093176:I:1092:t
4093277:I:1093:h
4093354:I:1094:e
4093425:I:1095: 
4096270:I:1096:m
4096359:I:1097:a
4096455:I:1098:p
4096893:I:1099:\n
4096900:I:1100:     * 
4097151:I:1107:\n
4097157:I:1108:     * 
4098984:I:1115:@
4099249:I:1116:r
4099320:I:1117:e
4099444:I:1118:t
4099564:I:1119:u
4099728:I:1120:r
4099804:I:1121:n
4099928:I:1122: 
4101982:I:1123:o
4102207:I:1124:l
4102647:I:1125:d
4102804:I:1126: 
4102961:I:1127:v
4103179:I:1128:a
4103272:I:1129:l
4103525:I:1130:u
4103636:I:1131:e
4103690:I:1132: 
4103838:I:1133:o
4103929:I:1134:f
4104007:I:1135: 
4104306:I:1136:t
4104379:I:1137:h
4104475:I:1138:e
4104557:I:1139: 
4104659:I:1140:k
4104716:I:1141:e
4104950:I:1142:y
4104962:I:1143:t
4104968:I:1144: 
4105100:I:1145:o
4105470:D:1145:1
4105638:D:1144:1
4105801:D:1143:1
4106010:I:1143: 
4106127:I:1144:o
4106420:I:1145:r
4106519:I:1146: 
4106698:I:1147:n
4106805:I:1148:u
4107084:I:1149:l
4107236:I:1150:l
4107565:I:1151:\n
4107570:I:1152:     * 
4108255:I:1158:/
4108682:I:1159:\n
4108687:I:1161:   
4110313:I:1164:p
4110473:I:1165:u
4110589:I:1166:b
4110780:I:1167:l
4110968:I:1168:i
4111055:I:1169:c
4111143:I:1170: 
4111389:I:1171:V
4111517:I:1172: 
4111675:I:1173:p
4112099:I:1174:u
4112236:I:1175:t
4112476:I:1176:(
4113955:I:1177:K
4114155:I:1178: 
4114511:I:1179:K
4114681:I:1180:e
4114832:I:1181:y
4115176:I:1182:,
4115661:D:1182:1
4115856:D:1181:1
4116012:D:1180:1
4116179:D:1179:1
4116347:I:1179:k
4116505:I:1180:e
4116605:I:1181:u
4116875:I:1182:,
4117202:D:1182:1
4117354:D:1181:1
4117953:I:1181:y
4118116:I:1182:,
4118308:I:1183: 
4118530:I:1184:V
4118652:I:1185: 
4118840:I:1186:V
4119626:D:1186:1
4119766:I:1186:v
4120014:I:1187:a
4120129:I:1188:l
4120427:I:1189:u
4120586:I:1190:e
4120903:I:1191:)
4121418:I:1192:{
4121718:I:1193:\n
4121722:I:1194:        
4123477:I:1202:r
4123554:I:1203:e
4123676:I:1204:t
4123766:I:1205:u
4123908:I:1206:r
4123968:I:1207:n
4124134:I:1208: 
4124239:I:1209:n
4124372:I:1210:u
4124621:I:1211:l
4124753:I:1212:l
4124956:I:1213:;
4125425:I:1214:\n
4125430:I:1215:        
4125973:I:1223:}
4125982:D:1219:4
4126457:I:1220:\n
4126462:I:1221:    
4126934:I:1225:\n
4126939:I:1226:    
4127265:I:1230:/
4128116:I:1231:*
4128253:I:1232:*
4128499:I:1233:\n
4128504:I:1234:     * 
4135422:I:1241:r
4136701:D:1241:1
4136930:I:1241:t
4137032:I:1242:h
4137225:I:1243:i
4137316:I:1244:s
4137398:I:1245: 
4137572:I:1246:e
4137583:I:1247:m
4137742:I:1248:t
4137842:I:1249:h
4138050:I:1250:o
4138189:I:1251:d
4138431:D:1251:1
4138634:D:1250:1
4138783:D:1249:1
4138975:D:1248:1
4139147:D:1247:1
4139302:D:1246:1
4139533:I:1246:m
4139654:I:1247:e
4139796:I:1248:t
4139854:I:1249:h
4140032:I:1250:o
4140178:I:1251:d
4140226:I:1252: 
4140561:D:1252:1
4140892:I:1252: 
4141098:I:1253:r
4141147:I:1254:e
4141291:I:1255:t
4141372:I:1256:u
4141495:I:1257:r
4141592:I:1258:n
4141712:I:1259:s
4141787:I:1260: 
4141891:I:1261:t
4141980:I:1262:h
4141989:I:1263:e
4142114:I:1264: 
4142234:I:1265:v
4142429:I:1266:a
4142536:I:1267:l
4142733:I:1268:u
4142838:I:1269:e
4142865:I:1270: 
4143321:I:1271:o
4143462:I:1272:f
4143580:I:1273: 
4143727:I:1274:t
4143811:I:1275:h
4143950:I:1276:e
4144113:I:1277: 
4148069:I:1278:g
4148128:I:1279:i
4148297:I:1280:v
4148465:I:1281:e
4148509:I:1282:n
4148662:I:1283: 
4148767:I:1284:k
4148834:I:1285:e
4149003:I:1286:y
4149631:I:1287:\n
4149636:I:1288:     * 
4149829:I:1295:\n
4149835:I:1296:     * 
4150714:I:1303:@
4153196:D:1303:1
4153392:D:1302:1
4153563:D:1301:1
4153747:D:1300:1
4153912:D:1299:1
4154093:D:1298:1
4154294:D:1297:1
4154562:D:1296:1
4154807:D:1295:1
4155774:I:1294:/
4156063:I:1295:\n
4156069:I:1297:   
4156714:I:1300:p
4156915:I:1301:u
4157033:I:1302:b
4157230:I:1303:l
4157427:I:1304:i
4157523:I:1305:c
4157596:I:1306: 
4159218:I:1307:V
4159312:I:1308: 
4159513:I:1309:g
4159631:I:1310:e
4159979:I:1311:t
4160340:I:1312:(
4161318:I:1313:k
4161760:D:1313:1
4162049:I:1313:K
4162544:I:1314: 
4162902:I:1315:k
4163365:I:1316:e
4163589:I:1317:y
4163979:I:1318:)
4164482:I:1319:{
4164761:I:1320:\n
4164766:I:1321:        
4165181:I:1329:r
4165275:I:1330:e
4165392:I:1331:t
4165463:I:1332:u
4165685:I:1333:r
4165757:I:1334:n
4165929:I:1335: 
4166056:I:1336:n
4166199:I:1337:u
4166429:I:1338:l
4166569:I:1339:l
4166834:I:1340:;
4167334:I:1341:\n
4167339:I:1342:        
4167664:I:1350:}
4167683:D:1346:4
4171582:I:1347:\n
4171594:I:1348:    
4172394:I:1352:\n
4172399:I:1353:    
4172583:I:1357:/
4172943:I:1358:*
4173099:I:1359:*
4173436:I:1360:\n
4173441:I:1361:     * 
4173660:I:1368:r
4173767:I:1369:e
4173926:I:1370:t
4174272:D:1370:1
4174444:D:1369:1
4174599:D:1368:1
4174709:I:1368:t
4174809:I:1369:h
4174882:I:1370:i
4174977:I:1371:s
4175075:I:1372: 
4175242:I:1373:r
4175367:I:1374:m
4175755:D:1374:1
4175934:D:1373:1
4176132:I:1373:m
4176225:I:1374:e
4176341:I:1375:t
4176406:I:1376:h
4176576:I:1377:o
4176647:I:1378:d
4176715:I:1379: 
4176839:I:1380:r
4176948:I:1381:e
4177126:I:1382:u
4177449:D:1382:1
4177623:I:1382:t
4177747:I:1383:u
4177847:I:1384:r
4177955:I:1385:n
4178047:I:1386:s
4178122:I:1387: 
4178261:I:1388:t
4178368:I:1389:h
4178377:I:1390:e
4178502:I:1391: 
4180642:D:1391:1
4180807:D:1390:1
4181004:D:1389:1
4181178:D:1388:1
4181361:D:1387:1
4181527:D:1386:1
4181693:D:1385:1
4181864:D:1384:1
4182015:D:1383:1
4182228:D:1382:1
4182635:I:1382:m
4182837:I:1383:o
4182899:I:1384:v
4182989:I:1385:e
4183181:I:1386:s
4183208:I:1387: 
4183397:I:1388:t
4183447:I:1389:h
4183532:I:1390:e
4183637:I:1391: 
4183744:I:1392:e
4183834:I:1393:n
4183961:I:1394:t
4184125:I:1395:r
4184203:I:1396:y
4184330:I:1397: 
4186059:I:1398:w
4186194:I:1399:i
4186316:I:1400:t
4186416:I:1401:h
4186539:I:1402: 
4186604:I:1403:t
4186695:I:1404:h
4186811:I:1405:e
4186863:I:1406: 
4187028:I:1407:g
4187134:I:1408:i
4187244:I:1409:v
4187399:I:1410:e
4187471:I:1411:n
4187591:I:1412: 
4187709:I:1413:k
4187808:I:1414:e
4187992:I:1415:y
4188280:I:1416:\n
4188285:I:1417:     * 
4190754:I:1424:\n
4190756:I:1425:     * 
4191074:I:1432:@
4191630:I:1433:r
4191711:I:1434:e
4191828:I:1435:t
4191940:I:1436:u
4192081:I:1437:r
4192144:I:1438:n
4192251:I:1439: 
4192673:I:1440:t
4192683:I:1441:r
4192722:I:1442:h
4193007:D:1442:1
4193208:D:1441:1
4193365:D:1440:1
4193474:I:1440:v
4193668:I:1441:a
4194291:I:1442:l
4194533:I:1443:u
4194639:I:1444:e
4194737:I:1445: 
4197608:I:1446:t
4197729:I:1447:h
4197845:I:1448:a
4198003:I:1449:t
4198101:I:1450: 
4198213:I:1451:e
4198658:D:1451:1
4198834:I:1451:w
4199037:I:1452:a
4199122:I:1453:s
4199191:I:1454: 
4199350:I:1455:r
4199439:I:1456:e
4199535:I:1457:m
4199704:I:1458:o
4199780:I:1459:v
4199894:I:1460:e
4200029:I:1461:d
4200317:I:1462: 
4200456:I:1463:o
4200548:I:1464:r
4200591:I:1465: 
4200761:I:1466:n
4200975:I:1467:u
4201227:I:1468:l
4201399:I:1469:l
4201631:I:1470:\n
4201636:I:1471:     * 
4202714:I:1477:/
4202927:I:1478:\n
4202932:I:1480:   
4204575:I:1483:p
4204740:I:1484:u
4204855:I:1485:b
4204978:I:1486:l
4205185:I:1487:i
4205276:I:1488:c
4205331:I:1489: 
4205635:I:1490:V
4205727:I:1491: 
4205946:I:1492:r
4206057:I:1493:e
4206147:I:1494:m
4206311:I:1495:o
4206392:I:1496:v
4206485:I:1497:e
4206863:I:1498:(
4208432:I:1499:k
4208927:D:1499:1
4209240:I:1499:K
4209390:I:1500: 
4209559:I:1501:k
4209690:I:1502:e
4209943:I:1503:y
4210181:I:1504:)
4210492:I:1505:{
4210723:I:1506:\n
4210729:I:1507:        
4211166:I:1515:r
4211221:I:1516:e
4211350:I:1517:t
4211445:I:1518:u
4211589:I:1519:r
4211666:I:1520:n
4211797:I:1521: 
4211924:I:1522:n
4212015:I:1523:u
4212248:I:1524:l
4212361:I:1525:l
4212548:I:1526:;
4212568:I:1527:'
4212735:I:1528:\n
4212741:I:1529:            
4213466:D:1540:1
4213613:D:1539:1
4213841:D:1538:1
4214342:D:1537:1
4214426:D:1536:1
4214510:D:1535:1
4214594:D:1534:1
4214675:D:1533:1
4214759:D:1532:1
4214844:D:1531:1
4214930:D:1530:1
4215014:D:1529:1
4215095:D:1528:1
4215178:D:1527:1
4216043:I:1527:\n
4216047:I:1528:        
4216338:I:1536:}
4216348:D:1532:4
4216748:I:1533:\n
4216753:I:1534:    
4217038:I:1538:\n
4217043:I:1539:    
4223396:I:1543:/
4224227:I:1544:*
4224388:I:1545:*
4224599:I:1546:\n
4224605:I:1547:     * 
4224961:I:1554:d
4225072:I:1555:e
4225313:I:1556:t
4225469:I:1557:e
4225673:I:1558:r
4225967:D:1558:1
4226127:D:1557:1
4226277:D:1556:1
4226443:D:1555:1
4226601:D:1554:1
4226695:I:1554:t
4226813:I:1555:h
4226892:I:1556:i
4226995:I:1557:s
4227109:I:1558: 
4227211:I:1559:m
4227269:I:1560:e
4227407:I:1561:t
4227462:I:1562:h
4227611:I:1563:o
4227702:I:1564:d
4227755:I:1565: 
4227967:I:1566:d
4228062:I:1567:e
4228217:I:1568:t
4228348:I:1569:e
4228449:I:1570:r
4228563:I:1571:m
4228728:I:1572:i
4228865:I:1573:n
4228951:I:1574:e
4229021:I:1575:d
4229181:I:1576: 
4229597:D:1576:1
4229751:D:1575:1
4229776:I:1575:s
4229861:I:1576: 
4229981:I:1577:i
4230049:I:1578:f
4230111:I:1579: 
4230242:I:1580:t
4230334:I:1581:h
4230392:I:1582:e
4230491:I:1583: 
4233017:I:1584:c
4233113:I:1585:o
4233284:I:1586:n
4233423:I:1587:t
4233602:I:1588:a
4233723:I:1589:i
4233806:I:1590:n
4233957:I:1591:e
4234284:D:1591:1
4234399:I:1591:s
4234497:I:1592: 
4234627:I:1593:t
4234706:I:1594:h
4234774:I:1595:e
4234871:I:1596: 
4234993:I:1597:g
4235076:I:1598:i
4235204:I:1599:v
4235347:I:1600:e
4235427:I:1601:n
4235558:I:1602: 
4235849:I:1603:v
4236071:I:1604:a
4236161:I:1605:l
4236382:I:1606:u
4236478:I:1607:e
4237547:I:1608:\n
4237552:I:1609:     * 
4237878:I:1616:\n
4237882:I:1617:     * 
4238047:I:1624:@
4240112:D:1624:1
4240294:D:1623:1
4241137:I:1623: 
4241316:I:1624:@
4241577:I:1625:r
4241677:I:1626:e
4241782:I:1627:t
4241881:I:1628:u
4242034:I:1629:r
4242092:I:1630:n
4242234:I:1631: 
4242363:I:1632:t
4242566:I:1633:r
4242651:I:1634:y
4242792:I:1635:e
4242863:I:1636: 
4242984:I:1637:i
4243263:D:1637:1
4243457:D:1636:1
4243655:D:1635:1
4243842:D:1634:1
4243941:I:1634:u
4244882:I:1635:e
4244998:I:1636: 
4245117:I:1637:i
4245178:I:1638:f
4245282:I:1639: 
4245391:I:1640:i
4245496:I:1641:t
4245613:I:1642: 
4245760:I:1643:d
4245770:I:1644:f
4245816:I:1645:o
4245930:I:1646:e
4246136:I:1647:s
4246203:I:1648: 
4246526:I:1649:e
4246657:I:1650:l
4246768:I:1651:s
4246899:I:1652:e
4246981:I:1653: 
4247097:I:1654:f
4247269:I:1655:a
4247371:I:1656:l
4247463:I:1657:s
4247622:I:1658:e
4250127:D:1644:1
4254045:I:1658:\n
4254050:I:1659:     * 
4255233:I:1665:/
4255780:I:1666:\n
4255786:I:1668:   
4256055:I:1671:p
4256312:I:1672:u
4256444:I:1673:b
4256565:I:1674:l
4256776:I:1675:i
4256878:I:1676:c
4256961:I:1677: 
4258318:I:1678:b
4258424:I:1679:o
4258592:I:1680:o
4258763:I:1681:l
4258825:I:1682:e
4258938:I:1683:a
4258995:I:1684:n
4259140:I:1685: 
4259436:I:1686:c
4259514:I:1687:o
4259723:I:1688:n
4259797:I:1689:t
4259940:I:1690:a
4260018:I:1691:i
4260080:I:1692:n
4260176:I:1693:s
4260570:I:1694:V
4260768:I:1695:a
4260878:I:1696:l
4261081:I:1697:u
4261194:I:1698:e
4261396:I:1699:(
4262809:I:1700:V
4262926:I:1701: 
4263095:I:1702:v
4263275:I:1703:a
4263355:I:1704:l
4263547:I:1705:i
4263655:I:1706:e
4263898:I:1707:)
4264172:D:1707:1
4264398:D:1706:1
4264907:D:1705:1
4265105:I:1705:u
4265227:I:1706:e
4265468:I:1707:)
4266063:I:1708:{
4266234:I:1709:\n
4266238:I:1710:        
4267830:I:1718:r
4267897:I:1719:e
4268004:I:1720:t
4268079:I:1721:u
4268226:I:1722:r
4268289:I:1723:n
4268431:I:1724: 
4268523:I:1725:f
4268691:I:1726:a
4268793:I:1727:l
4268883:I:1728:s
4269055:I:1729:e
4269143:I:1730:;
4269414:I:1731:\n
4269419:I:1732:        
4269763:I:1740:}
4269768:D:1736:4
Sa3b45ace:+4285204:SYS:COMPILE_STARTED
Sa3b45ace:+4285233:SYS:COMPILE_ENDED
Sa3b45ace:+4292032:SYS:COMPILE_STARTED
Sa3b45ace:+4292053:SYS:COMPILE_ENDED
SESSION_START S514263a9
S514263a9:+429288:SYS:COMPILE_STARTED
S514263a9:+429476:SYS:COMPILE_ENDED
S514263a9:+434617:SYS:COMPILE_STARTED
S514263a9:+434641:SYS:COMPILE_ENDED
S514263a9:+436876:SYS:COMPILE_STARTED
S514263a9:+436907:SYS:COMPILE_ENDED
SESSION_START S9eca3367
# SESSION_START S9eca3367 FILE:CHashMap.log PROJECT:CHashMap
5:D:1213:1
243:D:1212:1
427:D:1211:1
1130:D:1210:1
1398:D:1209:1
1625:D:1208:1
1862:D:1207:1
2084:D:1206:1
2329:D:1205:1
2529:D:1204:1
2762:D:1203:1
2965:D:1202:1
447907:I:1047:\n
447927:I:1048:    
448165:I:1052:\n
448177:I:1053:    
458075:I:1057:/
459000:I:1058:*
459543:I:1059:*
459948:I:1060:\n
459961:I:1061:     * 
460480:I:1068:\n
460495:I:1069:     * 
462066:I:1075:/
462726:I:1068:\n
462739:I:1069:     * 
530867:I:1068:T
530912:I:1069:H
531139:I:1070:i
531634:D:1070:1
531805:D:1069:1
532084:I:1069:h
532330:I:1070:i
532497:I:1071:s
532581:I:1072: 
547214:I:1073:m
547339:I:1074:e
547710:D:1074:1
547881:D:1073:1
548055:D:1072:1
548197:D:1071:1
548377:D:1070:1
548531:D:1069:1
548674:D:1068:1
548759:I:1068:t
548881:I:1069:h
548978:I:1070:i
549082:I:1071:s
549182:I:1072: 
549266:I:1073:m
549323:I:1074:e
549462:I:1075:t
549510:I:1076:h
549655:I:1077:o
549731:I:1078:d
549807:I:1079: 
549897:I:1080:w
549953:I:1081:i
550140:I:1082:l
550261:I:1083:l
550341:I:1084: 
550516:I:1085:f
550606:I:1086:i
550807:I:1087:g
551206:I:1088:u
551269:I:1089:r
551357:I:1090:e
551436:I:1091: 
551559:I:1092:o
551769:I:1093:u
551950:I:1094:t
552039:I:1095: 
552172:I:1096:t
552213:I:1097:h
552353:I:1098:e
552368:I:1099: 
552440:I:1100:i
552577:I:1101:n
552624:I:1102:d
552716:I:1103:e
552894:I:1104:x
552967:I:1105: 
553035:I:1106:o
553126:I:1107:f
553205:I:1108: 
557096:I:1109:t
557249:I:1110:h
557415:I:1111:e
557602:I:1112: 
558152:I:1113:g
558254:I:1114:i
558365:I:1115:v
558521:I:1116:e
558733:I:1117:n
558877:I:1118: 
558982:I:1119:k
559079:I:1120:e
559247:I:1121:y
559369:I:1122: 
559526:I:1123:u
559585:I:1124:s
559729:I:1125:i
559865:I:1126:n
559971:I:1127:g
560031:I:1128: 
560168:I:1129:h
560279:I:1130:a
560374:I:1131:s
560521:I:1132:h
560770:I:1133:c
561031:I:1134:d
561283:D:1134:1
561453:I:1134:o
561571:I:1135:d
561599:I:1136:e
565757:I:1145:\n
565770:I:1146:     * 
566265:I:1153:@
566465:I:1154:p
566553:I:1155:a
566694:I:1156:r
566803:I:1157:a
566952:I:1158:m
567201:I:1159: 
570127:I:1160:k
570654:I:1161:e
570780:I:1162:y
571426:I:1163: 
571706:I:1164:k
571859:I:1165:e
572000:I:1166:y
572128:I:1167: 
572373:I:1168:t
572871:D:1168:1
573084:D:1167:1
573281:D:1166:1
573452:D:1165:1
573631:D:1164:1
574492:I:1164:k
574682:I:1165:e
574787:I:1166:y
574916:I:1167: 
575074:I:1168:g
575127:I:1169:i
575259:I:1170:v
575489:I:1171:n
575720:D:1171:1
575805:I:1171:e
575929:I:1172:n
576069:I:1173: 
576201:I:1174:b
576303:I:1175:y
576464:I:1176: 
576573:I:1177:u
576638:I:1178:s
576841:I:1179:e
576928:I:1180:r
577141:I:1181:\n
577152:I:1182:     * 
580234:I:1189:@
580574:I:1190:r
580628:I:1191:e
580830:I:1192:t
581002:I:1193:u
581141:I:1194:r
581247:I:1195:n
581376:I:1196: 
581538:I:1197:i
581714:I:1198:n
581784:I:1199:d
581839:I:1200:e
582319:I:1201:x
582515:I:1202: 
582913:I:1203:i
583113:I:1204:n
583150:I:1205:d
583230:I:1206:e
583453:I:1207:x
583541:I:1208: 
583642:I:1209:o
583726:I:1210:f
583803:I:1211: 
583915:I:1212:t
584073:I:1213:h
584203:I:1214:e
584244:I:1215: 
585773:I:1216:g
585913:I:1217:i
585988:I:1218:v
586145:I:1219:e
586235:I:1220:n
586362:I:1221: 
586472:I:1222:k
586588:I:1223:e
586726:I:1224:y
587691:I:1234:\n
587703:I:1235:    
588315:I:1239:p
588578:I:1240:u
588677:I:1241:b
588795:I:1242:l
589003:I:1243:i
589077:I:1244:c
589121:I:1245: 
590312:I:1246:i
590430:I:1247:n
590534:I:1248:t
590659:I:1249: 
591038:I:1250:I
591582:D:1250:1
592046:I:1250:i
592144:I:1251:n
592226:I:1252:d
592283:I:1253:e
592490:I:1254:x
592706:I:1255:(
594132:I:1256:K
594267:I:1257: 
594400:I:1258:k
594557:I:1259:e
594694:I:1260:y
595683:I:1261:)
595930:I:1262:{
596178:I:1263:\n
596189:I:1264:        
598021:I:1272:\n
598034:I:1273:        
599158:I:1281:}
599173:D:1277:4
600638:I:1272:r
600736:I:1273:e
601325:D:1273:1
601512:D:1272:1
601711:I:1272:/
601865:I:1273:/
602019:I:1274:r
602091:I:1275:e
602269:I:1276:t
602383:I:1277:u
602584:I:1278:r
602624:I:1279:n
602882:I:1280:s
603012:I:1281: 
603162:I:1282:t
603468:I:1283:h
603559:I:1284:e
603668:I:1285: 
603776:I:1286:n
603933:I:1287:u
604062:I:1288:m
604279:I:1289:b
604339:I:1290:e
604414:I:1291:r
604510:I:1292: 
1104660:D:1292:1
1104809:D:1291:1
1104978:D:1290:1
1105311:D:1289:1
1105532:D:1288:1
1105702:D:1287:1
1105868:D:1286:1
1106094:I:1286:i
1106170:I:1287:n
1106321:I:1288:d
1106337:I:1289:e
1106579:I:1290:x
1106679:I:1291: 
1106967:I:1292:n
1107107:I:1293:u
1107276:I:1294:m
1107493:I:1295:b
1107530:I:1296:e
1107592:I:1297:r
1107700:I:1298: 
1107868:I:1299:a
1108171:I:1300:s
1108365:I:1301:s
1108521:I:1302:o
1108656:I:1303:c
1108792:I:1304:i
1108910:I:1305:a
1109136:I:1306:t
1109233:I:1307:e
1109359:I:1308:d
1109457:I:1309: 
1109570:I:1310:w
1109683:I:1311:i
1109790:I:1312:t
1109881:I:1313:h
1109999:I:1314: 
1110059:I:1315:t
1110181:I:1316:h
1110230:I:1317:e
1110348:I:1318: 
1110525:I:1319:k
1110721:I:1320:e
1110873:I:1321:y
1110950:I:1322:s
1124164:I:1323:\n
1124175:I:1324:        
1131102:I:1332:r
1131212:I:1333:e
1131382:I:1334:t
1131499:I:1335:u
1131663:I:1336:r
1131708:I:1337:n
1131884:I:1338: 
1134675:I:1339:k
1134759:I:1340:e
1134926:I:1341:y
1135367:I:1342:.
1135706:I:1343:h
1135994:I:1344:a
1136099:I:1345:s
1136246:I:1346:h
1136501:I:1347:c
1136590:I:1348:o
1136720:I:1349:d
1136776:I:1350:e
1136961:I:1351:(
1137181:I:1352:)
1150518:I:1353: 
1151314:I:1354:%
1151431:I:1355: 
1152911:I:1356:t
1153160:I:1357:a
1153382:I:1358:b
1155502:I:1323:\n
1155514:I:1324:        
1157107:D:1331:1
1157296:D:1330:1
1157479:D:1329:1
1157675:D:1328:1
1157843:D:1327:1
1158030:D:1326:1
1158203:D:1325:1
1158388:D:1324:1
1158624:D:1323:1
1159319:I:1323: 
1159438:I:1324:w
1159556:I:1325:h
1159611:I:1326:i
1159758:I:1327:c
1159890:I:1328:h
1160036:I:1329: 
1160146:I:1330:i
1160236:I:1331:s
1160324:I:1332: 
1160727:I:1333:n
1160908:I:1334:u
1161538:I:1335:m
1161856:I:1336:b
1162052:I:1337:e
1162148:I:1338:r
1162257:I:1339: 
1162523:I:1340:o
1162749:I:1341:f
1162865:I:1342: 
1187411:I:1343:i
1187520:I:1344:t
1187781:I:1345:e
1187873:I:1346:m
1188062:I:1347:s
1188161:I:1348: 
1188348:I:1349:i
1188491:I:1350:n
1188649:I:1351: 
1188795:I:1352:t
1189023:D:1352:1
1189246:D:1351:1
1189430:D:1350:1
1189606:D:1349:1
1189795:D:1348:1
1189994:D:1347:1
1190180:D:1346:1
1190375:D:1345:1
1190595:D:1344:1
1190760:D:1343:1
1191009:I:1343:l
1191137:I:1344:e
1191455:I:1345:t
1191647:I:1346:t
1191776:I:1347:e
1191900:I:1348:r
1192144:I:1349:s
1192310:I:1350: 
1192433:I:1351:i
1192634:I:1352:n
1193685:I:1353: 
1194101:I:1354:t
1194262:I:1355:h
1194388:I:1356:e
1194453:I:1357: 
1196596:I:1358:w
1196727:I:1359:p
1196846:I:1360:r
1197062:I:1361:d
1197228:I:1362: 
1197682:D:1362:1
1197879:D:1361:1
1198072:D:1360:1
1198300:D:1359:1
1198874:D:1358:1
1199328:I:1358:w
1199461:I:1359:o
1199551:I:1360:r
1199737:I:1361:d
1199817:I:1362: 
1202003:I:1363:a
1202116:I:1364:n
1202213:I:1365:d
1202343:I:1366: 
1202547:D:1366:1
1202745:D:1365:1
1202909:D:1364:1
1203064:D:1363:1
1203166:I:1363:d
1203303:I:1364:i
1203434:I:1365:v
1203565:I:1366:i
1203817:D:1366:1
1204182:D:1365:1
1204345:D:1364:1
1204534:D:1363:1
1205020:D:1362:1
1205909:I:1362: 
1207846:I:1332: 
1207961:I:1333:r
1208048:I:1334:e
1208155:I:1335:m
1208276:I:1336:a
1208385:I:1337:i
1208485:I:1338:n
1208592:I:1339:d
1208659:I:1340:e
1209082:I:1341:r
1209751:I:1342: 
1209921:I:1343:o
1210011:I:1344:f
1211972:I:1376:d
1212069:I:1377:i
1212199:I:1378:v
1212307:I:1379:i
1212498:I:1380:d
1212616:I:1381:e
1212720:I:1382:d
1212823:I:1383: 
1213102:I:1384:b
1213225:I:1385:y
1213372:I:1386: 
1215739:I:1387:l
1215870:I:1388:e
1216030:I:1389:n
1216135:I:1390:g
1216323:I:1391:t
1216389:I:1392:h
1216552:I:1393: 
1216723:I:1394:o
1216826:I:1395:f
1216925:I:1396: 
1217118:I:1397:t
1217337:I:1398:a
1217452:I:1399:b
1217852:I:1400:l
1217984:I:1401:e
1219553:I:1438:l
1219641:I:1439:e
1219767:I:1440:.
1219983:I:1441:l
1220088:I:1442:e
1220275:I:1443:n
1220445:I:1444:g
1220628:I:1445:t
1220675:I:1446:h
1221623:I:1447:;
1315046:I:1514:\n
1315063:I:1515:     * 
1316388:I:1522:@
1316637:I:1523:p
1316727:I:1524:a
1316824:I:1525:r
1316960:I:1526:a
1317074:I:1527:m
1317445:I:1528: 
1318400:I:1529:K
1320169:D:1529:1
1320446:I:1529:k
1320647:I:1530:e
1320821:I:1531:y
1321141:I:1532: 
1327232:I:1533:t
1327357:I:1534:h
1327420:I:1535:e
1327544:I:1536: 
1327756:I:1537:k
1327883:I:1538:e
1328085:I:1539:y
1328421:I:1540: 
1328621:I:1541:v
1328791:I:1542:s
1328817:I:1543:a
1328894:I:1544:l
1329104:I:1545:u
1329191:I:1546:e
1329228:I:1547: 
1329396:I:1548:t
1329463:I:1549:o
1329514:I:1550: 
1329675:I:1551:i
1329869:I:1552:n
1329972:I:1553:d
1330083:I:1554:e
1330325:I:1555:r
1330612:D:1555:1
1330781:D:1554:1
1330939:D:1553:1
1330955:I:1553:s
1331135:I:1554:e
1331258:I:1555:r
1331444:I:1556:t
1333361:D:1542:1
1334658:I:1556:\n
1334668:I:1557:     * 
1335400:I:1564:@
1335614:I:1565:p
1335715:I:1566:a
1335875:I:1567:r
1335963:I:1568:a
1336072:I:1569:m
1336227:I:1570: 
1336437:I:1571:t
1336498:I:1572:h
1336759:D:1572:1
1336905:D:1571:1
1337263:I:1571:v
1337481:I:1572:a
1337586:I:1573:l
1337824:I:1574:u
1337936:I:1575:e
1338096:I:1576: 
1339534:I:1577:t
1339615:I:1578:h
1340031:D:1578:1
1341190:I:1578:h
1341301:I:1579:e
1341406:I:1580: 
1341543:I:1581:v
1341763:I:1582:a
1341843:I:1583:l
1342078:I:1584:u
1342306:I:1585:e
1342388:I:1586: 
1342544:I:1587:t
1342586:I:1588:o
1342666:I:1589: 
1342810:I:1590:a
1342978:I:1591:s
1343149:I:1592:s
1343368:I:1593:o
1343574:I:1594:c
1343687:I:1595:i
1343812:I:1596:a
1344003:I:1597:t
1344103:I:1598:e
1344268:I:1599:d
1344607:D:1599:1
1347338:I:1599: 
1348592:I:1600:w
1348707:I:1601:i
1348848:I:1602:t
1348961:I:1603:h
1349091:I:1604: 
1349152:I:1605:t
1349302:I:1606:h
1349460:I:1607:e
1349677:I:1608: 
1349806:I:1609:k
1349905:I:1610:e
1350054:I:1611:y
1351599:I:1698:\n
1351608:I:1699:        
1354017:I:1707:i
1354123:I:1708:n
1354224:I:1709:t
1354350:I:1710: 
1355488:D:1710:1
1355663:D:1709:1
1355834:D:1708:1
1355998:D:1707:1
1356290:I:1707:/
1356455:I:1708:/
1356590:I:1709:w
1356656:I:1710:e
1356740:I:1711: 
1356872:I:1712:w
1356976:I:1713:i
1357192:I:1714:l
1357348:I:1715:l
1357414:I:1716: 
1357521:I:1717:f
1357596:I:1718:i
1357704:I:1719:n
1357776:I:1720:d
1357846:I:1721: 
1357999:I:1722:t
1358083:I:1723:h
1358188:I:1724:e
1358215:I:1725: 
1358352:I:1726:i
1358466:I:1727:n
1358523:I:1728:d
1358581:I:1729:e
1358777:I:1730:x
1358854:I:1731: 
1358924:I:1732:o
1359042:I:1733:f
1359119:I:1734: 
1359552:D:1734:1
1359736:D:1733:1
1359891:D:1732:1
1359953:I:1732:w
1360100:I:1733:h
1360173:I:1734:e
1360274:I:1735:r
1360363:I:1736: 
1360378:I:1737:e
1360528:I:1738:t
1360605:I:1739:h
1360740:I:1740:e
1360893:D:1740:1
1361044:D:1739:1
1361202:D:1738:1
1361358:D:1737:1
1361509:D:1736:1
1361581:I:1736:e
1361658:I:1737: 
1361764:I:1738:t
1361884:I:1739:h
1361961:I:1740:e
1362045:I:1741: 
1362202:I:1742:v
1362396:I:1743:a
1362479:I:1744:l
1362688:I:1745:u
1362737:I:1746:e
1362853:I:1747: 
1362904:I:1748:w
1363164:D:1748:1
1363250:I:1748:s
1363396:I:1749:h
1363543:I:1750:o
1363671:I:1751:u
1363887:I:1752:l
1363987:I:1753:d
1364089:I:1754: 
1364348:I:1755:b
1364480:I:1756:e
1364564:I:1757: 
1364737:I:1758:a
1364901:I:1759:d
1365074:I:1760:d
1365258:I:1761:e
1365400:I:1762:d
1365492:I:1763:\n
1365500:I:1764:        
1366853:I:1772:K
1367496:D:1772:1
1667389:I:1772:i
1667503:I:1773:n
1667607:I:1774:t
1667732:I:1775: 
1667817:I:1776:i
1667950:I:1777: 
1668096:I:1778:=
1668266:I:1779: 
1668776:I:1780:i
1668920:I:1781:n
1669021:I:1782:d
1669040:I:1783:e
1669298:I:1784:x
1669942:I:1785:(
1670324:I:1786:K
1670696:I:1787: 
1670862:I:1788:k
1671218:I:1789:e
1671356:I:1790:y
1671631:D:1790:1
1671792:D:1789:1
1671973:D:1788:1
1672154:D:1787:1
1672319:D:1786:1
1672532:I:1786:k
1672620:I:1787:e
1672811:I:1788:y
1672824:I:1789:u
1674600:D:1789:1
1674903:I:1789:)
1675170:I:1790:;
1675835:I:1791:\n
1675845:I:1792:        
1764601:I:1800:\n
1764615:I:1801:        
1765613:I:1809:/
1765873:I:1810:/
1766219:I:1811:w
1766312:I:1812:e
1766449:I:1813: 
1766606:I:1814:w
1766677:I:1815:i
1766914:I:1816:l
1767072:I:1817:l
1767160:I:1818: 
1767277:I:1819:s
1767441:I:1820:e
1767711:I:1821:a
1767904:I:1822:r
1768125:I:1823:c
1768220:I:1824:h
1768370:I:1825: 
1768480:I:1826:t
1768603:I:1827:h
1768645:I:1828:e
1768768:I:1829: 
1770110:I:1830:t
1770338:I:1831:a
1770439:I:1832:b
1770901:I:1833:l
1771037:I:1834:e
1771157:I:1835: 
1777328:D:1835:1
1777644:D:1834:1
1778365:D:1833:1
1778766:D:1832:1
1779171:D:1831:1
1779533:D:1830:1
2310723:I:1830:l
2310933:I:1831:i
2310970:I:1832:s
2311109:I:1833:t
2311274:I:1834: 
2311442:I:1835:a
2311642:I:1836:t
2311744:I:1837: 
2311898:I:1838:t
2312004:I:1839:h
2312117:I:1840:a
2312293:I:1841:t
2312471:I:1842: 
2312756:I:1843:i
2317399:I:1826:v
2317692:D:1826:1
2318249:I:1826:b
2318341:I:1827:u
2320143:I:1828:c
2320355:I:1829:k
2320450:I:1830:e
2320648:I:1831:t
2320974:I:1832:;
2321136:I:1833:s
2321624:D:1833:1
2321802:D:1832:1
2321911:I:1832:'
2322031:I:1833:s
2322412:I:1834: 
2324052:I:1853:n
2324142:I:1854:d
2324201:I:1855:e
2324468:I:1856:x
2324568:I:1857: 
2328569:I:1858:f
2328721:I:1859:o
2328808:I:1860:r
2328943:I:1861: 
2329035:I:1862:t
2329308:I:1863:h
2329453:I:1864:e
2329575:I:1865: 
2329864:I:1866:g
2329990:I:1867:i
2330364:I:1868:v
2330564:I:1869:e
2330644:I:1870:n
2330793:I:1871: 
2330910:I:1872:k
2331002:I:1873:e
2331170:I:1874:y
2331570:I:1875:\n
2331578:I:1876:        
2333254:I:1884:f
2333328:I:1885:o
2333448:I:1886:r
2333685:I:1887:(
2333964:I:1888:E
2334131:I:1889:n
2334223:I:1890:t
2334364:I:1891:r
2334456:I:1892:y
2335147:I:1893:<
2335709:I:1894:V
2336379:I:1895:,
2336750:I:1896:K
2337177:I:1897:>
2339837:I:1898: 
2339884:I:1899:e
2340353:I:1900:n
2340534:I:1901:t
2340699:I:1902:r
2340818:I:1903:y
2341381:I:1904: 
2341719:I:1905:\c
2341927:I:1906: 
2342056:I:1907:t
2342320:I:1908:a
2346119:I:1909:b
2346262:I:1910:l
2346484:I:1911:e
2347718:I:1912:[
2348061:I:1913:i
2349101:I:1914:]
2349524:I:1915:)
2349932:I:1916:{
2350492:I:1917:\n
2350504:I:1918:            
2379120:D:1837:1
2379249:D:1836:1
2379435:D:1835:1
2379618:D:1834:1
2382392:I:1926:/
2382540:I:1927:/
2382797:I:1928:i
2382913:I:1929:f
2383071:I:1930: 
2383551:I:1931:w
2383670:I:1932:e
2383753:I:1933: 
2383919:I:1934:f
2384026:I:1935:i
2384216:I:1936:n
2384272:I:1937:d
2384387:I:1938: 
2384482:I:1939:t
2384611:I:1940:h
2384728:I:1941:e
2384860:I:1942: 
2385016:I:1943:k
2385117:I:1944:e
2385306:I:1945:y
2390773:I:1946:V
2391129:D:1946:1
2391418:I:1946:\n
2391429:I:1947:            
2391735:I:1959:V
2391954:I:1960: 
2392120:I:1961:o
2392311:I:1962:l
2392394:I:1963:d
2392706:I:1964:V
2392907:I:1965:a
2392985:I:1966:l
2393184:I:1967:u
2393284:I:1968:e
2393366:I:1969: 
2393490:I:1970:=
2393606:I:1971: 
2395769:I:1972:e
2396346:I:1973:n
2396437:I:1974:t
2396621:I:1975:r
2397358:I:1976:y
2397707:I:1977:.
2397868:I:1978:v
2398088:I:1979:a
2398151:I:1980:l
2398399:I:1981:u
2398504:I:1982:e
2398901:I:1983:;
2399226:I:1984:\n
2399236:I:1985:            
2401530:I:1997:e
2401679:I:1998:n
2401764:I:1999:t
2401950:I:2000:r
2402061:I:2001:y
2402375:I:2002:.
2402592:I:2003:v
2402841:I:2004:a
2402952:I:2005:l
2403234:I:2006:u
2403355:I:2007:e
2403439:I:2008: 
2403595:I:2009:=
2403713:I:2010: 
2405264:I:2011:v
2405510:I:2012:a
2405637:I:2013:l
2405879:I:2014:u
2406060:I:2015:e
2407031:I:2016:;
2409018:I:1946: 
2409862:I:1947:w
2409984:I:1948:e
2410124:I:1949: 
2410351:I:1950:s
2410530:I:1951:a
2410677:I:1952:v
2410742:I:1953:e
2410899:I:1954: 
2411042:I:1955:t
2411160:I:1956:h
2411234:I:1957:e
2411367:I:1958: 
2411495:I:1959:o
2411730:I:1960:l
2411868:I:1961:d
2412166:I:1962: 
2412297:I:1963:d
2412442:I:1964:a
2412676:I:1965:t
2412904:I:1966:a
2416125:I:2005:\n
2416136:I:2006:            
2416397:I:2018:/
2416625:I:2019:/
2418079:I:2020:i
2418420:D:2020:1
2419218:I:2020:w
2419302:I:2021:e
2419467:I:2022: 
2419792:I:2023:r
2419884:I:2024:e
2420027:I:2025:p
2420153:I:2026:l
2420196:I:2027:a
2420394:I:2028:c
2420502:I:2029:e
2420581:I:2030: 
2420685:I:2031:i
2420783:I:2032:t
2420888:I:2033: 
2421030:I:2034:w
2421155:I:2035:i
2421263:I:2036:t
2421386:I:2037:h
2421498:I:2038: 
2421600:I:2039:t
2421696:I:2040:h
2421784:I:2041:e
2421828:I:2042: 
2421980:I:2043:g
2422062:I:2044:i
2422192:I:2045:v
2422356:I:2046:e
2422440:I:2047:n
2422557:I:2048: 
2422822:I:2049:k
2422954:I:2050:e
2423092:I:2051:y
2423892:I:2085:\n
2423904:I:2086:            
2425566:I:2098:r
2425646:I:2099:e
2425823:I:2100:t
2425910:I:2101:u
2426056:I:2102:r
2426113:I:2103:n
2426254:I:2104: 
2426421:I:2105:o
2426622:I:2106:l
2426732:I:2107:d
2427230:I:2108:V
2427482:I:2109:a
2427550:I:2110:l
2427796:I:2111:u
2427885:I:2112:e
2428142:I:2113:'
2429252:D:2113:1
2429543:I:2113:;
2432810:I:2114:\n
2432822:I:2115:            
2433294:I:2127:}
2433304:D:2123:4
2439717:D:2132:1
2439923:D:2131:1
2440083:D:2130:1
2440252:D:2129:1
2440437:D:2128:1
2440603:D:2127:1
2440778:D:2126:1
2440945:D:2125:1
2441151:D:2124:1
2456497:I:1913:\n
2456510:I:1914:            
2458376:I:1926:i
2458457:I:1927:f
2459451:I:1928:(
2460294:I:1929:k
2460534:I:1930:e
2460682:I:1931:y
2461049:I:1932:.
2461223:I:1933:d
2461408:I:1934:a
2461675:I:1935:t
2461933:I:1936:a
2464032:D:1936:1
2464224:D:1935:1
2464378:D:1934:1
2464559:D:1933:1
2464731:D:1932:1
2464887:D:1931:1
2465056:D:1930:1
2465242:D:1929:1
2465425:I:1929:e
2465608:I:1930:n
2465710:I:1931:t
2465880:I:1932:r
2465979:I:1933:y
2466307:I:1934:.
2466561:I:1935:k
2466652:I:1936:e
2467529:I:1937:y
2469486:I:1938:.
2469617:I:1939:e
2469765:I:1940:q
2469893:I:1941:u
2470012:I:1942:a
2470274:I:1943:s
2470503:D:1943:1
2470671:I:1943:l
2470837:I:1944:s
2471114:I:1945:(
2471806:I:1946:l
2471942:I:1947:e
2472096:I:1948:u
2472587:D:1948:1
2472802:D:1947:1
2472989:D:1946:1
2473134:I:1946:k
2473261:I:1947:e
2473409:I:1948:u
2473826:D:1948:1
2474062:I:1948:y
2474380:I:1949:(
2474794:D:1949:1
2475085:I:1949:)
2476760:I:1950:)
2477148:I:1951:{
2479482:I:1965:    
2480696:I:2023:    
2482465:I:2065:    
2483473:I:2116:    
2484629:I:2153:    
2485919:I:2182:    
2495235:I:2187:\n
2495246:I:2188:            
2499626:I:2200:/
2499841:I:2201:/
2500288:I:2202:i
2500442:I:2203:f
2500563:I:2204: 
2500928:I:2205:k
2501059:I:2206:e
2501243:I:2207:y
2501375:I:2208: 
2501563:I:2209:n
2501750:I:2210:o
2501851:I:2211:t
2501977:I:2212: 
2502098:I:2213:f
2502183:I:2214:p
2502381:I:2215:u
2502784:D:2215:1
2502969:D:2214:1
2503145:I:2214:o
2503287:I:2215:u
2503508:I:2216:n
2503560:I:2217:d
2503671:I:2218: 
2503747:I:2219:w
2503851:I:2220:e
2503916:I:2221: 
2504051:I:2222:a
2504226:I:2223:d
2504354:I:2224:d
2504399:I:2225: 
2504579:I:2226:n
2504619:I:2227:e
2504698:I:2228:w
2504786:I:2229: 
2508453:I:2230:e
2508577:I:2231:n
2508694:I:2232:t
2508873:I:2233:r
2509000:I:2234:y
2509162:I:2235: 
2509293:I:2236:t
2509394:I:2237:o
2509548:I:2238: 
2509805:I:2239:t
2509897:I:2240:h
2509995:I:2241:e
2510043:I:2242: 
2510676:I:2243:b
2511594:I:2244:u
2511822:I:2245:c
2512195:I:2246:k
2512334:I:2247:e
2512568:I:2248:t
2512874:I:2249:\n
2512882:I:2250:            
2516455:I:2262:t
2516690:I:2263:a
2516814:I:2264:b
2517061:I:2265:l
2517194:I:2266:e
2517792:I:2267:[
2518813:I:2268:i
2519955:I:2269:]
2520521:I:2270:.
2520679:I:2271:a
2521037:I:2272:d
2521251:I:2273:d
2527698:I:2274:(
2528365:I:2275:n
2528468:I:2276:e
2528519:I:2277:w
2528692:I:2278: 
2529152:I:2279:E
2529338:I:2280:n
2529437:I:2281:t
2529613:I:2282:r
2529754:I:2283:y
2530471:I:2284:<
2530923:I:2285:V
2532772:D:2285:1
2533354:I:2285:>
2533867:I:2286:(
2534117:I:2287:k
2534248:I:2288:e
2534429:I:2289:y
2534827:I:2290:,
2534965:I:2291: 
2535294:I:2292:v
2535514:I:2293:a
2535669:I:2294:l
2535909:I:2295:u
2536032:I:2296:e
2536413:I:2297:)
2538309:I:2298:)
2538692:I:2299:;
2539203:I:2300:\n
2539214:I:2301:            
2542244:I:2313:s
2542351:I:2314:i
2542483:I:2315:z
2542695:I:2316:e
2542915:I:2317:+
2543101:I:2318:+
2543341:I:2319:;
2552045:I:2320:\n
2552061:I:2321:            
2552270:I:2333:r
2552331:I:2334:e
2552497:I:2335:t
2552641:I:2336:u
2552783:I:2337:r
2552872:I:2338:n
2553042:I:2339: 
2553188:I:2340:n
2553368:I:2341:u
2553634:I:2342:l
2553855:I:2343:l
2554065:I:2344:;
2555877:I:2300:\n
2555886:I:2301:            
2556064:I:2313:/
2556278:I:2314:/
2556624:I:2315:u
2556814:I:2316:p
2556962:I:2317:d
2557091:I:2318:a
2557370:I:2319:t
2557426:I:2320:e
2557501:I:2321: 
2557690:I:2322:t
2557781:I:2323:h
2557884:I:2324:e
2558008:I:2325: 
2558113:I:2326:s
2558257:I:2327:i
2558354:I:2328:z
2558556:I:2329:e
2568536:I:2448:\n
2568550:I:2449:     * 
2568840:I:2456:\n
2568851:I:2457:     * 
2569900:I:2464:@
2570172:I:2465:r
2570282:I:2466:e
2570439:I:2467:t
2570541:I:2468:u
2570677:I:2469:r
2570755:I:2470:n
2570892:I:2471: 
2573878:I:2456:\n
2573889:I:2457:     * 
2575418:I:2464:@
2575616:I:2465:p
2575736:I:2466:a
2575875:I:2467:r
2575981:I:2468:a
2576076:I:2469:m
2576485:I:2470: 
2576669:I:2471:k
2576834:I:2472:e
2577033:I:2473:y
2577257:I:2474: 
2577442:I:2475:k
2577595:I:2476:e
2577733:I:2477:y
2577867:I:2478: 
2578071:I:2479:o
2578860:I:2480: 
2578951:I:2481:g
2579059:I:2482:i
2579343:D:2482:1
2579508:D:2481:1
2579687:D:2480:1
2579878:D:2479:1
2580042:D:2478:1
2580153:I:2478:t
2580235:I:2479:o
2580323:I:2480: 
2580468:I:2481:g
2580742:D:2481:1
2580924:D:2480:1
2581109:D:2479:1
2581274:D:2478:1
2581390:I:2478: 
2581523:I:2479:t
2581625:I:2480:o
2581714:I:2481: 
2582077:I:2482:i
2582342:D:2482:1
2582452:I:2482:f
2582563:I:2483:i
2582668:I:2484:n
2582773:I:2485:d
2582864:I:2486: 
2583011:I:2487:g
2583135:I:2488:i
2583226:I:2489:v
2583406:I:2490:e
2583514:I:2491:n
2583630:I:2492: 
2583791:I:2493:b
2583934:I:2494:y
2584077:I:2495: 
2584320:I:2496:h
2585098:D:2496:1
2585293:I:2496:t
2585412:I:2497:h
2585535:I:2498:e
2585619:I:2499: 
2585732:I:2500:u
2585810:I:2501:s
2586037:I:2502:e
2586131:I:2503:r
2598539:I:2520:v
2599001:I:2521:a
2599493:I:2522:l
2599763:I:2523:u
2599878:I:2524:e
2599971:I:2525: 
2600088:I:2526:o
2600193:I:2527:f
2600261:I:2528: 
2600440:I:2529:t
2600523:I:2530:h
2600641:I:2531:e
2600730:I:2532: 
2600894:I:2533:k
2601110:I:2534:e
2601298:I:2535:y
2601541:D:2535:1
2601697:D:2534:1
2602410:D:2533:1
2602610:I:2533:g
2602704:I:2534:i
2602851:I:2535:v
2603047:I:2536:e
2603113:I:2537:n
2603269:I:2538: 
2603413:I:2539:k
2603526:I:2540:e
2603659:I:2541:y
2603834:I:2542: 
2603980:I:2543:a
2604123:I:2544:n
2604215:I:2545:d
2604315:I:2546: 
2604499:D:2546:1
2604695:D:2545:1
2604882:D:2544:1
2605048:D:2543:1
2605121:I:2543:e
2605270:I:2544:l
2605353:I:2545:s
2605520:I:2546:e
2605571:I:2547: 
2605860:I:2548:n
2605989:I:2549:u
2606770:I:2550:l
2606917:I:2551:l
2607044:I:2552: 
2607161:I:2553:i
2607240:I:2554:f
2607358:I:2555: 
2607404:I:2556:k
2607512:I:2557:e
2607681:I:2558:y
2607817:I:2559: 
2607947:I:2560:n
2608140:I:2561:o
2608251:I:2562:t
2608323:I:2563: 
2608452:I:2564:f
2608519:I:2565:o
2608663:I:2566:u
2608831:I:2567:n
2609000:I:2568:d
2611068:D:2622:1
2611269:D:2621:1
2611451:D:2620:1
2611625:D:2619:1
2611813:D:2618:1
2612001:D:2617:1
2612197:D:2616:1
2612398:D:2615:1
2612597:D:2614:1
2612798:D:2613:1
2613000:D:2612:1
2613294:D:2611:1
2617392:I:2611:i
2617523:I:2612:n
2617651:I:2613:t
2619023:D:2613:1
2619220:D:2612:1
2619400:D:2611:1
2619736:I:2611:/
2619904:I:2612:/
2620061:I:2613:f
2620194:I:2614:i
2620292:I:2615:n
2620343:I:2616:d
2620466:I:2617: 
2620626:I:2618:t
2620695:I:2619:h
2620827:I:2620:e
2620914:I:2621: 
2621259:I:2622:n
2621546:D:2622:1
2621831:I:2622:u
2621937:I:2623:d
2622188:D:2623:1
2622364:D:2622:1
2622571:I:2622:i
2622679:I:2623:n
2622786:I:2624:e
2623095:I:2625:x
2623242:D:2625:1
2623437:D:2624:1
2623524:I:2624:d
2623564:I:2625:e
2623790:I:2626:x
2623899:I:2627: 
2624027:I:2628:a
2624299:I:2629:s
2624487:I:2630:s
2624586:I:2631:o
2624843:I:2632:d
2625093:D:2632:1
2625207:I:2632:c
2625306:I:2633:i
2625418:I:2634:a
2625633:I:2635:t
2625715:I:2636:e
2625883:I:2637:d
2625978:I:2638: 
2626083:I:2639:w
2626196:I:2640:i
2626310:I:2641:t
2626415:I:2642:h
2626513:I:2643: 
2626558:I:2644:t
2626681:I:2645:h
2626735:I:2646:e
2626822:I:2647: 
2626941:I:2648:k
2627008:I:2649:e
2627200:I:2650:y
2627318:I:2651:\n
2627331:I:2652:        
2628115:I:2660:i
2628225:I:2661:n
2628311:I:2662:t
2628432:I:2663: 
2628538:I:2664:i
2628984:I:2665:n
2629085:I:2666:d
2629175:I:2667:e
2629429:I:2668:x
2629642:I:2669: 
2629878:I:2670:=
2629992:I:2671: 
2633256:D:2671:1
2633435:D:2670:1
2633615:D:2669:1
2633788:D:2668:1
2633964:D:2667:1
2634141:D:2666:1
2634415:I:2666: 
2634533:D:2666:1
2634859:D:2665:1
2635293:I:2665: 
2635397:I:2666:=
2635515:I:2667: 
2636106:I:2668:i
2636179:I:2669:n
2636238:I:2670:d
2636306:I:2671:e
2636545:I:2672:x
2636681:I:2673:(
2636938:I:2674:k
2637066:I:2675:e
2637264:I:2676:y
2638300:I:2677:)
2638602:I:2678:;
2638827:I:2679:\n
2638838:I:2680:        
2639789:I:2688:\n
2639800:I:2689:        
2644051:I:2697:/
2644283:I:2698:/
2644475:I:2699:s
2644725:I:2700:e
2645085:I:2701:a
2645281:I:2702:r
2645482:I:2703:c
2645586:I:2704:h
2645713:I:2705: 
2645842:I:2706:t
2645978:I:2707:h
2646084:I:2708:r
2646176:I:2709:o
2646308:I:2710:u
2646405:I:2711:g
2646540:I:2712:h
2646659:I:2713: 
2647175:D:2713:1
2647346:D:2712:1
2647539:D:2711:1
2647701:D:2710:1
2647867:D:2709:1
2648052:D:2708:1
2648287:D:2707:1
2648533:I:2707:e
2648669:I:2708: 
2648904:D:2708:1
2649098:D:2707:1
2649248:I:2707:h
2649346:I:2708:e
2649423:I:2709: 
2649572:I:2710:b
2649792:I:2711:u
2649935:I:2712:c
2650070:I:2713:k
2650088:I:2714:l
2650166:I:2715:e
2650292:I:2716:t
2650486:D:2716:1
2650675:D:2715:1
2650857:D:2714:1
2650935:I:2714:e
2651043:I:2715:t
2651207:I:2716:'
2651419:I:2717:s
2651582:I:2718: 
2651713:I:2719:l
2651946:I:2720:i
2652006:I:2721:s
2652122:I:2722:t
2652223:I:2723: 
2653589:I:2724:f
2653705:I:2725:o
2653816:I:2726:r
2653910:I:2727: 
2654308:I:2728:t
2654413:I:2729:h
2654516:I:2730:e
2654587:I:2731: 
2654714:I:2732:m
2654784:I:2733:a
2654959:I:2734:t
2655230:I:2735:c
2655248:I:2736:h
2655453:I:2737:i
2655603:I:2738:n
2655718:I:2739:g
2655822:I:2740: 
2655910:I:2741:k
2655986:I:2742:e
2656184:I:2743:y
2659079:I:2744:\n
2659090:I:2745:        
2661343:I:2753:f
2661444:I:2754:o
2661569:I:2755:r
2661773:I:2756:(
2662018:I:2757:E
2662226:I:2758:n
2662321:I:2759:t
2662491:I:2760:r
2662580:I:2761:y
2663146:I:2762:>
2663726:D:2762:1
2664162:I:2762:<
2664462:I:2763:V
2664776:I:2764:,
2665548:I:2765:K
2665896:I:2766:>
2667432:I:2767: 
2667573:I:2768:e
2668022:I:2769:n
2668330:I:2770:t
2668501:I:2771:r
2668570:I:2772:y
2668993:I:2773: 
2669197:I:2774:\c
2669329:I:2775: 
2669447:I:2776:t
2669655:I:2777:a
2669767:I:2778:b
2670005:I:2779:l
2670120:I:2780:e
2671605:I:2781:[
2671847:I:2782:i
2672250:I:2783:]
2672641:I:2784:)
2673120:I:2785:{
2673536:I:2786:\n
2673543:I:2787:            
2675541:I:2799:i
2675689:I:2800:f
2675946:I:2801:(
2676225:I:2802:e
2676468:I:2803:n
2676691:I:2804:t
2676903:I:2805:r
2677054:I:2806:y
2677853:I:2807:.
2678560:I:2808:k
2678712:I:2809:e
2678822:I:2810:y
2679337:I:2811:(
2679783:D:2811:1
2680072:I:2811:.
2680552:I:2812:e
2680697:I:2813:q
2680791:I:2814:u
2680940:I:2815:a
2681054:I:2816:l
2681159:I:2817:s
2682098:I:2818:(
2682301:I:2819:k
2682395:I:2820:e
2683199:I:2821:y
2683623:I:2822:)
2684182:I:2823:)
2685023:I:2824:{
2685267:I:2825:\n
2685277:I:2826:                
2687093:I:2842:r
2687180:I:2843:e
2687316:I:2844:t
2687413:I:2845:u
2687544:I:2846:r
2687631:I:2847:n
2687762:I:2848: 
2690026:I:2849:e
2690217:I:2850:n
2690310:I:2851:t
2690492:I:2852:r
2690552:I:2853:y
2690876:I:2854:.
2691011:I:2855:v
2691232:I:2856:a
2691335:I:2857:l
2691568:I:2858:i
2691654:I:2859:e
2692109:D:2859:1
2692277:D:2858:1
2692460:I:2858:u
2692574:I:2859:e
2692777:I:2860:;
2711583:I:2861:\n
2711597:I:2862:                
2711950:I:2878:}
2711960:D:2874:4
2723056:I:2881:\n
2723068:I:2882:        
2723775:I:2890:/
2723956:I:2891:/
2724715:I:2880:    
2725912:I:2896:i
2725933:I:2897:u
2726090:I:2898:f
2726364:D:2898:1
2726542:D:2897:1
2726655:I:2897:f
2726784:I:2898: 
2727113:I:2899:k
2727269:I:2900:e
2727463:I:2901:y
2727995:D:2901:1
2728490:I:2901:e
2728781:D:2901:1
2729045:I:2901:y
2729166:I:2902: 
2729183:I:2903:w
2729397:I:2904:a
2729456:I:2905:s
2729600:I:2906: 
2729744:I:2907:n
2729923:I:2908:o
2729984:I:2909:t
2730114:I:2910: 
2730230:I:2911:f
2730273:I:2912:o
2730364:I:2913:u
2730546:I:2914:n
2730634:I:2915:d
2730751:I:2916: 
2730890:I:2917:w
2731003:I:2918:e
2731115:I:2919: 
2731333:I:2920:r
2731470:I:2921:e
2731657:I:2922:t
2731840:I:2923:u
2731957:I:2924:r
2732070:I:2925:n
2732207:I:2926: 
2732309:I:2927:n
2732469:I:2928:u
2732701:I:2929:l
2732864:I:2930:l
2733025:I:2931:\n
2733035:I:2932:        
2733410:I:2940:r
2733490:I:2941:e
2733621:I:2942:t
2733722:I:2943:u
2733885:I:2944:r
2733938:I:2945:n
2734277:I:2946:n
2734720:D:2946:1
2734885:I:2946: 
2734986:I:2947:n
2735086:I:2948:u
2735360:I:2949:l
2735544:I:2950:l
2735728:I:2951:;
2744878:I:3029:\n
2744886:I:3030:     * 
2745244:I:3037:@
2745471:I:3038:p
2745579:I:3039:a
2745762:I:3040:r
2745860:I:3041:a
2746030:I:3042:m
2746741:I:3043: 
2747457:I:3044:k
2747584:I:3045:e
2747716:I:3046:y
2747888:I:3047: 
2749617:I:3048:k
2749774:I:3049:e
2749920:I:3050:y
2750124:I:3051: 
2750218:I:3052:g
2750330:I:3053:i
2750432:I:3054:v
2750598:I:3055:e
2750687:I:3056:n
2750820:I:3057: 
2750972:I:3058:b
2751091:I:3059:y
2751214:I:3060: 
2751316:I:3061:t
2751426:I:3062:h
2751518:I:3063:e
2751604:I:3064: 
2751790:I:3065:s
2752166:D:3065:1
2752309:I:3065:u
2752380:I:3066:s
2752556:I:3067:e
2752644:I:3068:r
2752757:I:3069: 
2752892:I:3070:t
2752943:I:3071:o
2753046:I:3072: 
2753249:I:3073:r
2753354:I:3074:e
2753460:I:3075:m
2753671:I:3076:o
2753723:I:3077:v
2753835:I:3078:e
2753998:I:3079: 
2754365:I:3080:f
2754674:I:3081:r
2754807:I:3082:o
2754991:I:3083:m
2755147:I:3084: 
2755244:I:3085:t
2755377:I:3086:h
2755582:I:3087:e
2755611:I:3088: 
2755886:I:3089:l
2756111:I:3090:i
2756143:I:3091:s
2756270:I:3092:t
2761084:D:3092:1
2761252:D:3091:1
2761430:D:3090:1
2761601:D:3089:1
2761802:I:3089:m
2761814:I:3090:,
2762073:I:3091:a
2762404:D:3091:1
2762562:D:3090:1
2762666:I:3090:a
2762742:I:3091:p
2764035:D:3194:1
2764426:D:3193:1
2764580:D:3192:1
2764741:D:3191:1
2764898:D:3190:1
2765060:D:3189:1
2765217:D:3188:1
2765385:D:3187:1
2765551:D:3186:1
2765749:D:3185:1
2765947:D:3184:1
2766094:D:3183:1
2767364:I:3138: 
2767510:I:3139:i
2767584:I:3140:f
2767691:I:3141: 
2767879:I:3142:v
2768116:I:3143:a
2768276:I:3144:l
2768523:I:3145:u
2768587:I:3146:e
2768684:I:3147: 
2768828:I:3148:n
2769074:I:3149:o
2769164:I:3150:t
2769683:D:3150:1
2769830:D:3149:1
2770011:D:3148:1
2770164:D:3147:1
2770331:D:3146:1
2770491:D:3145:1
2770653:D:3144:1
2770834:D:3143:1
2771528:D:3142:1
2771721:I:3142:k
2771845:I:3143:e
2771970:I:3144:y
2772056:I:3145: 
2772324:I:3146:n
2772515:I:3147:o
2772629:I:3148:t
2772705:I:3149: 
2772870:I:3150:f
2772942:I:3151:o
2773002:I:3152:u
2773187:I:3153:n
2773341:I:3154:d
2777009:I:3200:/
2777172:I:3201:/
2777419:I:3202:f
2777676:D:3202:1
2777736:I:3202:w
2777817:I:3203:e
2777915:I:3204: 
2778117:I:3205:f
2778301:I:3206:n
2778735:D:3206:1
2779009:I:3206:i
2779137:I:3207:n
2779230:I:3208:d
2779323:I:3209: 
2779440:I:3210:t
2779532:I:3211:h
2779597:I:3212:e
2779635:I:3213: 
2779782:I:3214:i
2779886:I:3215:n
2779936:I:3216:d
2779984:I:3217:e
2780202:I:3218:x
2780241:I:3219: 
2780336:I:3220:o
2780441:I:3221:f
2780477:I:3222: 
2780717:I:3223:t
2780786:I:3224:h
2780896:I:3225:e
2780925:I:3226: 
2782514:I:3227:l
2782810:I:3228:o
2783013:I:3229:o
2783206:I:3230:p
2784619:D:3230:1
2784815:D:3229:1
2785014:D:3228:1
2785186:D:3227:1
2785395:I:3227:k
2785575:I:3228:e
2785743:I:3229:y
2785953:I:3230: 
2788103:I:3231:\n
2788112:I:3232:        
2788743:I:3240:i
2788853:I:3241:n
2788984:I:3242:t
2789056:I:3243: 
2789236:I:3244:i
2789353:I:3245: 
2789554:I:3246:=
2789752:I:3247: 
2790193:I:3248:i
2790358:I:3249:n
2790453:I:3250:d
2790496:I:3251:e
2790735:I:3252:x
2790873:I:3253:(
2791112:I:3254:k
2791254:I:3255:e
2792018:I:3256:y
2792209:I:3257:)
2792464:I:3258:;
2793546:I:3259:\n
2793556:I:3260:        
2793718:I:3268:\n
2793727:I:3269:        
2793967:I:3277:/
2794168:I:3278:/
2800746:I:3279:w
2800854:I:3280:e
2800961:I:3281: 
2801010:I:3282:w
2801178:I:3283:i
2801402:I:3284:l
2801531:I:3285:l
2801632:I:3286: 
2801809:I:3287:u
2801867:I:3288:s
2802066:I:3289:e
2802631:I:3290: 
2802985:I:3291:a
2803065:I:3292:n
2803236:I:3293: 
2803338:I:3294:i
2803440:I:3295:t
2803556:I:3296:e
2803662:I:3297:r
2803830:I:3298:a
2804002:I:3299:t
2804160:I:3300:o
2804446:I:3301:r
2804614:I:3302: 
2807436:I:3303:t
2807550:I:3304:o
2807671:I:3305: 
2807774:I:3306:c
2807964:I:3307:a
2808301:I:3308:l
2808489:I:3309:l
2808565:I:3310: 
2808769:I:3311:i
2808849:I:3312:t
2809047:I:3313:r
2809205:I:3314:a
2809453:I:3315:t
2809789:D:3315:1
2809984:D:3314:1
2810176:D:3313:1
2810295:I:3313:r
2810587:D:3313:1
2811063:I:3313:e
2811232:I:3314:r
2811414:I:3315:a
2811564:I:3316:t
2811667:I:3317:o
2811799:I:3318:r
2812003:I:3319:.
2812263:I:3320:r
2812315:I:3321:e
2812470:I:3322:m
2812662:I:3323:o
2812739:I:3324:v
2812945:I:3325:e
2813138:I:3326:(
2813362:I:3327:)
2813719:I:3328:\n
2813728:I:3329:        
2819452:I:3337:.
2819937:D:3337:1
2820140:I:3337:/
2820330:I:3338:/
2820415:I:3339:c
2820634:I:3340:r
2820801:I:3341:e
2821109:I:3342:t
2821146:I:3343:w
2821434:D:3343:1
2821702:D:3342:1
2821749:I:3342:a
2822105:I:3343:t
2822205:I:3344:e
2822436:I:3345: 
2822536:I:3346:t
2822674:I:3347:h
2822750:I:3348:e
2822876:I:3349: 
2822974:I:3350:i
2823079:I:3351:t
2823160:I:3352:e
2823297:I:3353:r
2823514:I:3354:a
2823666:I:3355:t
2823767:I:3356:o
2823862:I:3357:r
2824009:I:3358:\n
2824017:I:3359:        
2824330:I:3367:I
2824519:I:3368:t
2824852:I:3369:e
2825089:I:3370:r
2825282:I:3371:a
2825427:I:3372:t
2825523:I:3373:o
2825656:I:3374:r
2826406:I:3375:<
2827202:I:3376:E
2827358:I:3377:n
2827457:I:3378:t
2827623:I:3379:r
2827721:I:3380:y
2829204:I:3381:<
2829550:I:3382:K
2829958:I:3383:,
2830114:I:3384: 
2832111:D:2763:1
2832412:I:2763:K
2833933:D:2765:1
2834621:I:2765:V
2838317:D:1890:1
2839002:I:1890:K
2839686:D:1892:1
2840255:I:1892:V
2847175:I:3385:V
2847442:I:3386:>
2847658:I:3387:>
2849669:I:3388: 
2849814:I:3389:i
2850027:I:3390:e
2850242:D:3390:1
2850403:I:3390:t
2850493:I:3391:e
2850614:I:3392:r
2850753:I:3393: 
2850789:I:3394:=
2851021:I:3395: 
2852388:I:3396:t
2852557:I:3397:a
2852688:I:3398:b
2852939:I:3399:l
2853055:I:3400:e
2853184:I:3401:[
2853865:I:3402:i
2854311:I:3403:]
2854680:I:3404:/
2855226:D:3404:1
2855781:I:3404:.
2856054:I:3405:i
2856178:I:3406:t
2856244:I:3407:e
2856355:I:3408:r
2856604:I:3409:a
2856769:I:3410:t
2856873:I:3411:o
2856969:I:3412:r
2861126:I:3413:(
2861468:I:3414:)
2864058:D:3344:1
2864274:D:3343:1
2864452:D:3342:1
2864643:D:3341:1
2864787:D:3340:1
2864933:I:3340:a
2865031:I:3341:l
2865192:I:3342:l
2866924:I:3413:;
2867158:I:3414:\n
2867169:I:3415:        
2869253:I:3423:w
2869327:I:3424:h
2869578:I:3425:i
2869802:I:3426:l
2870837:I:3427:e
2871082:I:3428:(
2871655:I:3429:i
2871740:I:3430:t
2871856:I:3431:e
2871963:I:3432:r
2872243:I:3433:.
2872991:I:3434:h
2873126:I:3435:a
2873247:I:3436:s
2873590:I:3437:N
2873722:I:3438:e
2873917:I:3439:x
2874102:I:3440:t
2874221:I:3441:(
2874474:I:3442:)
2876466:I:3443:)
2877003:I:3444:{
2877424:I:3445:\n
2877434:I:3446:            
2879281:I:3458:E
2879396:I:3459:n
2879556:I:3460:t
2879729:I:3461:r
2879829:I:3462:y
2880509:I:3463:<
2880930:I:3464:K
2881449:I:3465:,
2881611:I:3466: 
2881948:I:3467:V
2882485:I:3468:>
2884143:I:3469: 
2885997:I:3470:e
2886119:I:3471:n
2886195:I:3472:t
2886367:I:3473:r
2886481:I:3474:y
2886637:I:3475: 
2886805:I:3476:=
2886917:I:3477: 
2887109:I:3478:i
2887217:I:3479:t
2887274:I:3480:e
2887408:I:3481:r
2887679:I:3482:.
2887927:I:3483:n
2888041:I:3484:e
2888247:I:3485:x
2888392:I:3486:t
2888514:I:3487:(
2888745:I:3488:)
2888960:I:3489:;
2939861:I:3490:\n
2939879:I:3491:            
2940239:I:3503:i
2940392:I:3504:f
2940627:I:3505:(
2940805:I:3506:e
2940924:I:3507:n
2941029:I:3508:t
2941182:I:3509:r
2941222:I:3510:y
2941574:I:3511:.
2941848:I:3512:k
2942015:I:3513:e
2942265:I:3514:y
2944782:I:3515:.
2944997:I:3516:e
2945058:I:3517:q
2945230:I:3518:u
2945364:I:3519:a
2945476:I:3520:l
2945622:I:3521:s
2945789:I:3522:\n
2945799:I:3523:                   
2945842:I:3542:9
2946454:D:3542:1
2946874:I:3542:9
2947224:D:3542:1
2947688:D:3523:19
2948118:D:3522:1
2948779:I:3522:(
2949490:I:3523:k
2949618:I:3524:e
2949786:I:3525:y
2950132:I:3526:)
2950671:I:3527:)
2956567:I:3490:\n
2956579:I:3491:            
2956870:I:3503:/
2957036:I:3504:/
2957285:I:3505:i
2957424:I:3506:f
2957520:I:3507: 
2957656:I:3508:w
2957762:I:3509:e
2957843:I:3510: 
2958217:I:3511:k
2958561:D:3511:1
2958678:I:3511:f
2958789:I:3512:i
2958893:I:3513:n
2958959:I:3514:d
2959099:I:3515: 
2959257:I:3516:t
2959370:I:3517:h
2959468:I:3518:e
2959545:I:3519: 
2959884:I:3520:k
2959998:I:3521:e
2960162:I:3522:y
2961938:I:3561:{
2962160:I:3562:\n
2962170:I:3563:                
2964273:I:3579:u
2964350:I:3580:t
2964447:I:3581:e
2964545:I:3582:r
2964962:D:3582:1
2965157:D:3581:1
2965358:D:3580:1
2965506:D:3579:1
2965864:I:3579:i
2966033:I:3580:t
2966123:I:3581:e
2966230:I:3582:r
2966591:I:3583:.
2966937:I:3584:r
2967051:I:3585:e
2967153:I:3586:m
2967268:I:3587:o
2967331:I:3588:v
2967491:I:3589:e
2967653:I:3590:(
2967865:I:3591:)
2968098:I:3592:;
2973496:I:3593:\n
2973510:I:3594:                
2973909:I:3610:/
2974053:I:3611:/
2974725:I:3612:u
2974945:I:3613:p
2975098:I:3614:d
2975279:I:3615:a
2975490:I:3616:t
2975573:I:3617:e
2975694:I:3618: 
2975937:I:3619:s
2976050:I:3620:i
2976190:I:3621:z
2976348:I:3622:e
2976498:I:3623:\n
2976507:I:3624:                
2976838:I:3640:s
2976939:I:3641:i
2977076:I:3642:z
2977285:I:3643:e
2977573:I:3644:-
2977759:I:3645:-
2977981:I:3646:;
2978235:I:3647:\n
2978243:I:3648:                
2979521:I:3664:r
2979600:I:3665:e
2979743:I:3666:t
2979853:I:3667:u
2979990:I:3668:r
2980068:I:3669:n
2980221:I:3670: 
2981918:I:3671:e
2982108:I:3672:n
2982222:I:3673:t
2982413:I:3674:r
2982519:I:3675:y
2983267:I:3676:.
2983401:I:3677:v
2983604:I:3678:a
2983733:I:3679:l
2984120:I:3680:e
2984518:D:3680:1
2984681:I:3680:8
2984812:I:3681:e
2985228:D:3681:1
2985396:D:3680:1
2985547:I:3680:u
2985693:I:3681:e
2985913:I:3682:;
2988223:I:3683:\n
2988233:I:3684:                
2988553:I:3700:}
2988562:D:3696:4
2989586:I:3697:\n
2989598:I:3698:            
2989924:I:3710:}
2989933:D:3706:4
2995307:I:3707:\
2995533:I:3708:'
2995866:D:3708:1
2996037:D:3707:1
2996385:I:3707:\n
2996396:I:3708:        
2997004:I:3716:/
2997162:I:3717:/
2997384:I:3718:i
2997500:I:3719:f
2997600:I:3720: 
2997681:I:3721:k
2997835:I:3722:e
2997951:I:3723:y
2998075:I:3724: 
2998182:I:3725:n
2998386:I:3726:o
2998486:I:3727:t
2998581:I:3728: 
2998690:I:3729:f
2998773:I:3730:o
2998834:I:3731:u
2999022:I:3732:n
2999101:I:3733:d
2999190:I:3734: 
2999321:I:3735:r
2999401:I:3736:e
2999531:I:3737:t
2999648:I:3738:u
2999779:I:3739:r
2999883:I:3740:m
3000017:I:3741: 
3000438:D:3741:1
3000613:D:3740:1
3000763:I:3740:n
3000911:I:3741: 
3001019:I:3742:n
3001165:I:3743:u
3001368:I:3744:l
3001540:I:3745:l
3001695:I:3746:\n
3001705:I:3747:        
3001841:I:3755:r
3001947:I:3756:e
3002052:I:3757:t
3002155:I:3758:u
3002286:I:3759:r
3002338:I:3760:n
3002478:I:3761: 
3002594:I:3762:n
3002692:I:3763:u
3002922:I:3764:l
3003071:I:3765:l
3003263:I:3766:;
3010080:I:3824:m
3010253:I:3825:a
3010325:I:3826:p
3010458:I:3827: 
3014387:I:3860:\n
3014397:I:3861:     * 
3015323:I:3868:@
3015517:I:3869:p
3015613:I:3870:a
3015746:I:3871:r
3015869:I:3872:a
3015946:I:3873:m
3016091:I:3874: 
3016657:I:3875:V
3016929:I:3876:a
3017376:I:3877:l
3017611:I:3878:u
3017718:I:3879:e
3017754:I:3880: 
3018091:I:3881:v
3018316:I:3882:a
3018399:I:3883:l
3018617:I:3884:u
3018720:I:3885:e
3018776:I:3886: 
3018875:I:3887:o
3018968:I:3888:f
3019060:I:3889: 
3019259:I:3890:t
3019577:D:3890:1
3019809:D:3889:1
3020016:D:3888:1
3020191:D:3887:1
3020350:I:3887:t
3020475:I:3888:h
3020583:I:3889:a
3020768:I:3890:t
3020841:I:3891: 
3021014:I:3892:w
3021076:I:3893:e
3021195:I:3894: 
3021471:I:3895:c
3022271:D:3895:1
3022613:I:3895:c
3022771:I:3896:h
3022883:I:3897:e
3023011:I:3898:c
3023154:I:3899:k
3023284:I:3900: 
3023421:I:3901:i
3023513:I:3902:f
3023606:I:3903: 
3023758:I:3904:i
3023858:I:3905:t
3023966:I:3906: 
3024212:I:3907:e
3024426:I:3908:x
3024554:I:3909:i
3024665:I:3910:s
3024860:I:3911:t
3024971:I:3912:s
3025112:I:3913: 
3025226:I:3914:i
3025409:I:3915:n
3025541:I:3916: 
3025634:I:3917:t
3025746:I:3918:h
3025786:I:3919:e
3025886:I:3920: 
3026432:I:3921:m
3026503:I:3922:a
3026644:I:3923:p
3033560:D:4026:13
3121185:I:4026:/
3121350:I:4027:/
3123948:I:4028:w
3124056:I:4029:e
3124205:I:4030: 
3124277:I:4031:w
3124351:I:4032:i
3124588:I:4033:l
3124717:I:4034:l
3124824:I:4035: 
3124957:I:4036:i
3125029:I:4037:t
3125083:I:4038:e
3125207:I:4039:r
3125388:I:4040:a
3125546:I:4041:t
3125688:I:4042:o
3126042:D:4042:1
3126200:I:4042:e
3126338:I:4043: 
3126474:I:4044:t
3126554:I:4045:h
3126701:I:4046:r
3126780:I:4047:o
3126883:I:4048:u
3127045:I:4049:g
3127195:I:4050:h
3127449:I:4051: 
3127572:I:4052:e
3127830:I:4053:a
3128060:I:4054:c
3128183:I:4055:h
3128321:I:4056: 
3128621:I:4057:b
3128792:I:4058:u
3128906:I:4059:c
3129096:I:4060:k
3129219:I:4061:e
3129353:I:4062:t
3129524:I:4063:\n
3129535:I:4064:        
3133624:I:4063: 
3133739:I:4064:a
3133865:I:4065:n
3133952:I:4066:d
3134038:I:4067: 
3134174:I:4068:t
3134237:I:4069:h
3134381:I:4070:e
3134536:I:4071:n
3134550:I:4072:m
3134665:I:4073: 
3134987:D:4073:1
3135138:D:4072:1
3135358:I:4072: 
3135471:I:4073:i
3135547:I:4074:t
3135650:I:4075:e
3135761:I:4076:r
3135920:I:4077:a
3136049:I:4078:t
3136426:I:4079:e
3136586:I:4080: 
3136704:I:4081:t
3136796:I:4082:h
3136917:I:4083:r
3137534:I:4084:o
3137782:I:4085:u
3137877:I:4086:g
3137990:I:4087:h
3138099:I:4088: 
3138160:I:4089:e
3138388:I:4090:a
3138599:I:4091:c
3138687:I:4092:h
3138818:I:4093: 
3140726:I:4094:e
3140843:I:4095:n
3140948:I:4096:t
3141145:I:4097:r
3141277:I:4098:y
3141726:I:4099: 
3141856:I:4100:i
3142101:I:4101:n
3142250:I:4102: 
3142418:I:4103:e
3142548:I:4104:a
3142737:I:4105:c
3142845:I:4106:h
3142936:I:4107: 
3143132:I:4108:b
3143378:I:4109:u
3143641:I:4110:v
3143798:I:4111:k
3143875:I:4112:e
3144040:I:4113:t
3144230:D:4113:1
3144403:D:4112:1
3144583:D:4111:1
3144734:D:4110:1
3144839:I:4110:c
3144979:I:4111:k
3145099:I:4112:e
3145230:I:4113:t
3147074:I:4114:\n
3147086:I:4115:        
3147214:I:4123:f
3147335:I:4124:o
3147469:I:4125:r
3147698:I:4126:(
3149195:I:4127:L
3149433:I:4128:i
3149598:I:4129:n
3149766:I:4130:j
3149871:I:4131:e
3150184:D:4131:1
3150365:D:4130:1
3150709:I:4130:k
3150834:I:4131:e
3150898:I:4132:d
3151203:I:4133:L
3151424:I:4134:i
3151481:I:4135:s
3151612:I:4136:t
3153254:I:4137:<
3153465:I:4138:E
3153605:I:4139:n
3153760:I:4140:t
3153886:I:4141:r
3153982:I:4142:y
3154563:I:4143:<
3154877:I:4144:V
3155221:I:4145:,
3155412:I:4146: 
3155796:D:4146:1
3155983:D:4145:1
3156123:D:4144:1
3157592:I:4144:K
3158237:I:4145:,
3158390:I:4146: 
3158819:I:4147:V
3159908:I:4148:>
3160225:I:4149:>
3205181:I:4150: 
3205451:I:4151:l
3205664:I:4152:i
3205727:I:4153:s
3205885:I:4154:t
3206043:I:4155: 
3206529:I:4156:\c
3206785:I:4157: 
3206862:I:4158:t
3207035:I:4159:a
3207101:I:4160:b
3207326:I:4161:l
3207510:I:4162:e
3207771:I:4163:)
3912450:I:4164:{
3912792:I:4165:\n
3912802:I:4166:            
3917260:I:4178:/
3917457:I:4179:/
3918370:D:4179:1
3918614:D:4178:1
3919746:I:4178:f
3919824:I:4179:o
3919942:I:4180:r
3921861:I:4181:(
3922108:I:4182:E
3922458:I:4183:n
3922635:I:4184:t
3922791:I:4185:r
3922904:I:4186:y
3923734:I:4187:<
3924021:I:4188:V
3924224:I:4189:,
3924593:I:4190:K
3925069:I:4191:>
3927394:I:4192: 
3927465:I:4193:e
3927634:I:4194:n
3927665:I:4195:t
3927840:I:4196:r
3927932:I:4197:y
3928318:I:4198: 
3928502:I:4199:\c
3928603:I:4200: 
3928703:I:4201:t
3928881:I:4202:a
3929001:I:4203:b
3929253:I:4204:l
3929443:I:4205:e
3929939:I:4206:)
3930358:I:4207:{
3930658:I:4208:\n
3930667:I:4209:                
3932534:I:4225:i
3932662:I:4226:f
3932876:I:4227:(
3933075:I:4228:e
3933318:I:4229:n
3933444:I:4230:t
3933612:I:4231:r
3933689:I:4232:y
3934016:I:4233:.
3934201:I:4234:v
3934438:I:4235:a
3934556:I:4236:l
3934791:I:4237:u
3934890:I:4238:e
3935296:I:4239:.
3935421:I:4240:e
3935527:I:4241:q
3935692:I:4242:u
3935753:I:4243:a
3936005:I:4244:s
3936374:D:4244:1
3936728:I:4244:l
3936805:I:4245:s
3937108:I:4246:(
3937269:I:4247:v
3937477:I:4248:a
3937551:I:4249:l
3937769:I:4250:i
3937857:I:4251:e
3938131:I:4252:)
3938415:D:4252:1
3938603:D:4251:1
3938787:D:4250:1
3939004:I:4250:u
3939103:I:4251:e
3939369:I:4252:(
3940066:D:4252:1
3940659:I:4252:)
3941261:I:4253:)
3941623:I:4254:{
3942020:I:4255:\n
3942029:I:4256:                    
3944151:I:4276:r
3944228:I:4277:e
3944379:I:4278:t
3944480:I:4279:u
3944621:I:4280:r
3944726:I:4281:n
3944859:I:4282: 
3944955:I:4283:t
3945134:I:4284:r
3945224:I:4285:u
3945407:I:4286:e
3945886:I:4287:;
3973926:I:4288:\n
3973938:I:4289:                    
3974290:I:4309:}
3974297:D:4305:4
3977006:I:4306:\n
3977017:I:4307:                
3977618:I:4323:}
3977629:D:4319:4
3980589:I:4320:\n
3980602:I:4321:            
3981012:I:4333:}
3981022:D:4329:4
3982533:I:4330:\n
3982544:I:4331:        
3982755:I:4339:/
3982932:I:4340:/
3983279:I:4341:i
3983415:I:4342:f
3983503:I:4343: 
3984141:I:4344:v
3984349:I:4345:a
3984479:I:4346:l
3984729:I:4347:u
3984805:I:4348:e
3984925:I:4349: 
3985098:I:4350:n
3985304:I:4351:o
3985391:I:4352:t
3985561:I:4353: 
3985674:I:4354:f
3985785:I:4355:o
3986208:I:4356:u
3986440:I:4357:n
3986602:I:4358:d
3986822:I:4359:\n
3986832:I:4360:        
3987032:I:4368:r
3987092:I:4369:e
3987251:I:4370:t
3987339:I:4371:u
3987500:I:4372:r
3987591:I:4373:n
3987735:I:4374: 
3987848:I:4375:g
3988067:I:4376:a
3988158:I:4377:l
3988331:I:4378:s
3988502:D:4378:1
3988689:D:4377:1
3988859:D:4376:1
3989050:D:4375:1
3989278:I:4375:f
3989428:I:4376:a
3989551:I:4377:l
3989719:I:4378:s
3989876:I:4379:e
3990022:I:4380:;
3994469:D:4388:1
3994661:D:4387:1
3994832:D:4386:1
3994977:D:4385:1
3995140:D:4384:1
3995301:D:4383:1
3995489:D:4382:1
3995709:D:4381:1
S9eca3367:+4048778:SYS:COMPILE_STARTED
S9eca3367:+4048955:SYS:COMPILE_ENDED
4062211:I:2381:\n
4062229:I:2382:        
4062666:I:2390:}
4062675:D:2386:4
4064628:I:2380:    
S9eca3367:+4065673:SYS:COMPILE_STARTED
S9eca3367:+4065709:SYS:COMPILE_ENDED
4128888:D:1426:1
4129091:I:1426:C
4153390:D:2384:1
4154611:I:2187:\n
4154624:I:2188:            
4155014:I:2200:}
4155025:D:2196:4
4185838:D:2206:4
4186930:D:2264:4
4187449:D:2311:4
4187835:D:2337:4
4188383:D:2353:4
4190323:I:2374:\
4190595:I:2375:\
4190798:D:2375:1
4191004:D:2374:1
4191175:D:2373:1
4191369:D:2372:1
4191558:D:2371:1
4191777:D:2370:1
4191994:D:2369:1
4192217:D:2368:1
4192448:D:2367:1
4192953:D:2366:1
4193275:D:2365:1
4204855:I:2942:\n
4204866:I:2943:        
4205321:I:2951:}
4205330:D:2947:4
S9eca3367:+4206923:SYS:COMPILE_STARTED
S9eca3367:+4206952:SYS:COMPILE_ENDED
4217549:I:28:\n
4218151:I:29:i
4218286:I:30:m
4218477:I:31:p
4218572:I:32:o
4218659:I:33:r
4218850:I:34:t
4218912:I:35: 
4219077:I:36:j
4219232:I:37:a
4219336:I:38:v
4219477:I:39:a
4219683:I:40:.
4220001:I:41:u
4220116:I:42:t
4220263:I:43:i
4220498:I:44:l
4220755:I:45:.
4223654:I:46:I
4223873:I:47:t
4224051:I:48:e
4224137:I:49:r
4224341:I:50:a
4224499:I:51:t
4224602:I:52:o
4224708:I:53:r
4227099:I:54:;
4270027:D:4228:1
4270245:D:4227:1
4270423:D:4226:1
4270620:D:4225:1
4270964:D:4224:1
4271814:I:4224:l
4272554:I:4225:i
4273344:I:4226:s
4273598:I:4227:t
S9eca3367:+4275786:SYS:COMPILE_STARTED
S9eca3367:+4275815:SYS:COMPILE_ENDED
4304422:I:1445:M
4304520:I:1446:a
4304769:I:1447:t
4304845:I:1448:h
4305498:I:1449:.
4305701:I:1450:a
4305885:I:1451:b
4306000:I:1452:s
4306909:I:1453:(
4309618:I:1483:)
S9eca3367:+4312074:SYS:COMPILE_STARTED
S9eca3367:+4312097:SYS:COMPILE_ENDED
4334680:D:4221:1
4335419:I:4221:K
4336144:D:4223:1
4336851:I:4223:V
S9eca3367:+4450223:SYS:COMPILE_STARTED
S9eca3367:+4450248:SYS:COMPILE_ENDED
S9eca3367:+4451476:SYS:COMPILE_STARTED
S9eca3367:+4451491:SYS:COMPILE_ENDED
S9eca3367:+5244939:SYS:COMPILE_STARTED
S9eca3367:+5244967:SYS:COMPILE_ENDED
S9eca3367:+5248418:SYS:COMPILE_STARTED
S9eca3367:+5248447:SYS:COMPILE_ENDED
S9eca3367:+5258664:SYS:COMPILE_STARTED
S9eca3367:+5258685:SYS:COMPILE_ENDED
S9eca3367:+5272107:SYS:COMPILE_STARTED
S9eca3367:+5272130:SYS:COMPILE_ENDED
S9eca3367:+5307668:SYS:COMPILE_STARTED
S9eca3367:+5309723:SYS:COMPILE_ENDED
5311375:D:125:1
5311558:D:124:1
5311722:D:123:1
5311875:D:122:1
5312035:D:121:1
S9eca3367:+5313400:SYS:COMPILE_STARTED
S9eca3367:+5315017:SYS:COMPILE_ENDED
S9eca3367:+5316497:SYS:COMPILE_STARTED
S9eca3367:+5318058:SYS:COMPILE_ENDED
5319385:D:676:1
5319535:D:675:1
5319746:D:674:1
5319891:D:673:1
5320045:D:672:1
5320215:D:671:1
5320412:D:670:1
5320784:D:669:1
S9eca3367:+5321914:SYS:COMPILE_STARTED
S9eca3367:+5323460:SYS:COMPILE_ENDED
5324285:D:4602:1
5324436:D:4601:1
5324587:D:4600:1
5324726:D:4599:1
5324880:D:4598:1
S9eca3367:+5326392:SYS:COMPILE_STARTED
S9eca3367:+5327939:SYS:COMPILE_ENDED
5328937:D:5095:1
5329167:D:5094:1
5329403:D:5093:1
5329614:D:5092:1
S9eca3367:+5348211:SYS:COMPILE_STARTED
S9eca3367:+5349915:SYS:COMPILE_ENDED
S9eca3367:+5391003:SYS:COMPILE_STARTED
S9eca3367:+5392732:SYS:COMPILE_ENDED
S9eca3367:+5398805:SYS:COMPILE_STARTED
S9eca3367:+5400323:SYS:COMPILE_ENDED
5428291:D:5097:1
5428767:D:5096:1
5428999:D:5095:1
5429199:D:5094:1
5429371:D:5093:1
5429569:D:5092:1
5429785:D:5091:1
5430011:D:5090:1
5430818:I:5090:}
S9eca3367:+5432533:SYS:COMPILE_STARTED
S9eca3367:+5434218:SYS:COMPILE_ENDED
S9eca3367:+5442886:SYS:COMPILE_STARTED
S9eca3367:+5444419:SYS:COMPILE_ENDED
S9eca3367:+5444454:SYS:ANDROID_RUN_STARTED: Entry.java
S9eca3367:+5448357:SYS:COMPILE_STARTED
S9eca3367:+5451260:SYS:COMPILE_ENDED
S9eca3367:+5459326:SYS:COMPILE_STARTED
S9eca3367:+5461898:SYS:COMPILE_ENDED
S9eca3367:+5486822:SYS:COMPILE_STARTED
S9eca3367:+5488464:SYS:COMPILE_ENDED
5606390:D:1258:1
5606581:D:1257:1
5606766:D:1256:1
5606934:D:1255:1
5607109:D:1254:1
5607224:I:1254:r
5607405:I:1255:i
5607507:I:1256:v
5607736:I:1257:a
5607926:I:1258:t
5607993:I:1259:e
S9eca3367:+5609339:SYS:COMPILE_STARTED
S9eca3367:+5612173:SYS:COMPILE_ENDED
S9eca3367:+5617314:SYS:COMPILE_STARTED
S9eca3367:+5619913:SYS:COMPILE_ENDED
