SESSION_START S0a93205e
# SESSION_START S0a93205e FILE:Entry.log PROJECT:Entry
4:I:0:\n
10089:I:0:p
10315:I:1:u
10468:I:2:b
10592:I:3:l
10815:I:4:i
10862:I:5:c
10956:I:6: 
11040:I:7:c
11202:I:8:l
11246:I:9:a
11357:I:10:s
11482:I:11:s
11578:I:12: 
11795:I:13:E
11895:I:14:n
12053:I:15:t
12194:I:16:r
12322:I:17:y
15923:I:18:<
16242:I:19:k
16693:D:19:1
16973:I:19:K
17322:I:20:,
18071:I:21:V
18720:I:22:>
19702:I:23:\n
19715:I:24:    
20962:D:27:1
21417:D:26:1
21615:D:25:1
21789:D:24:1
21968:D:23:1
22753:I:23:{
22993:I:24:\n
23000:I:25:    
25180:I:29:\n
25187:I:30:    
25671:I:34:/
25848:I:35:/
26238:I:36:k
26357:I:37:e
26523:I:38:y
26672:I:39: 
27637:D:39:1
27821:D:38:1
28014:D:37:1
28188:D:36:1
28385:I:36:i
28504:I:37:n
28672:I:38:i
28682:I:39:t
29278:I:40:a
29468:I:41:l
29665:I:42:i
29749:I:43:z
29869:I:44:i
29986:I:45:n
30087:I:46:g
30172:I:47: 
30267:I:48:k
30348:I:49:e
30535:I:50:y
31036:I:51:\n
31043:I:52:    
31392:I:56:p
31660:I:57:u
31813:I:58:b
31939:I:59:l
32145:I:60:i
32311:I:61: 
32561:D:61:1
32675:I:61:c
32810:I:62: 
34441:I:63:K
34595:I:64: 
34726:I:65:k
34853:I:66:e
34970:I:67:y
35430:I:68:;
35622:I:69:\n
35632:I:70:    
36502:I:74:/
36668:I:75:/
36972:I:76:i
37062:I:77:n
37207:I:78:i
37347:I:79:t
37948:I:80:i
38079:I:81:a
38195:I:82:l
38353:I:83:i
38401:I:84:z
38547:I:85:i
38642:I:86:n
38741:I:87:g
38864:I:88: 
38959:I:89:v
39149:I:90:a
39490:I:91:u
39625:I:92:e
40204:D:92:1
40409:D:91:1
40510:I:91:l
40846:I:92:u
41028:I:93:e
41178:I:94:\n
41186:I:95:    
41609:I:99:p
41876:I:100:u
42673:I:101:b
42796:I:102:l
43224:I:103:i
43343:I:104:c
43485:I:105: 
44662:I:106:V
44779:I:107: 
44853:I:108:v
45057:I:109:a
45161:I:110:l
45396:I:111:u
45504:I:112:e
45711:I:113:;
46100:I:114:\n
46108:I:115:    
46516:I:119:\n
46522:I:120:    
49589:I:124:p
49760:I:125:u
49900:I:126:b
50026:I:127:l
50242:I:128:i
50318:I:129:c
50389:I:130: 
50819:I:131:E
50870:I:132:r
50887:I:133:n
51509:D:133:1
51672:D:132:1
51884:I:132:n
51980:I:133:t
52162:I:134:r
52246:I:135:y
52665:I:136:(
54253:I:137:K
54404:I:138: 
54585:I:139:k
54727:I:140:e
54864:I:141:y
55150:I:142:,
55284:I:143: 
55686:I:144:V
55817:I:145: 
56123:I:146:v
56309:I:147:a
56371:I:148:l
56603:I:149:u
56712:I:150:e
57030:I:151:)
57646:I:152:{
57867:I:153:\n
57873:I:154:        
59471:I:162:t
59537:I:163:h
59656:I:164:i
59784:I:165:s
59936:I:166:.
60672:I:167:k
60842:I:168:e
60953:I:169:y
61217:I:170: 
61329:I:171:=
61532:I:172: 
61728:I:173:k
61906:I:174:e
62088:I:175:y
62965:I:176:;
64855:I:177:\n
64861:I:178:        
66447:I:186:t
66547:I:187:h
66686:I:188:i
66803:I:189:s
66998:I:190:.
67127:I:191:v
67676:I:192:a
68202:I:193:l
68456:I:194:u
68595:I:195:e
68787:I:196:=
68829:I:197: 
69249:D:197:1
69430:D:196:1
69609:I:196: 
69776:I:197:=
69881:I:198: 
70113:I:199:b
70328:I:200:a
70468:I:201:l
70755:D:201:1
70948:D:200:1
71127:D:199:1
71172:I:199:b
71419:I:200:a
71705:D:200:1
71907:D:199:1
72050:I:199:v
72635:I:200:a
72767:I:201:l
72993:I:202:u
73128:I:203:e
73351:I:204:;
75643:I:205:\n
75650:I:206:        
76109:I:214:}
76120:D:210:4
76777:I:211:\n
76784:I:212:    
77174:I:216:\n
77181:I:217:    
SESSION_START Sa077fc6b
# SESSION_START Sa077fc6b FILE:Entry.log PROJECT:Entry
3:I:211:\n
13:I:212:    
699:I:216:\n
707:I:217:    
196124:I:0:\
196670:D:0:1
196957:I:0:\n
197927:I:0:/
198305:I:1:*
198435:I:2:*
198675:I:3:\n
198684:I:4: * 
199895:I:7:\n
199903:I:8: * 
200090:I:11:\n
200099:I:12: * 
200866:I:14:/
201941:I:7:@
202207:I:8:a
202324:I:9:u
202442:I:10:t
202532:I:11:h
202714:I:12:o
202798:I:13:r
202893:I:14: 
203300:I:15:b
203359:I:16:h
203445:I:17:a
203622:I:18:r
203748:I:19:a
203868:I:20:s
204038:I:21:0
204050:I:22:-
204134:I:23:1
204773:D:23:1
204966:D:22:1
205075:I:22:1
211305:I:152:\n
211318:I:153:    
211474:I:157:/
211838:I:158:*
211974:I:159:*
212217:I:160:\n
212225:I:161:     * 
212414:I:168:\n
212422:I:169:     * 
212615:I:176:\n
212622:I:177:     * 
214382:I:183:/
215049:I:168:c
215341:D:168:1
215764:I:168:c
215961:I:169:o
216635:I:170:n
216897:I:171:s
217199:I:172:t
217358:I:173:r
217449:I:174:u
217635:I:175:c
217855:I:176:t
218022:I:177:s
218088:I:178: 
218234:I:179:a
218304:I:180: 
218471:I:181:n
218561:I:182:e
218640:I:183:w
218995:I:184: 
219144:I:185:w
219264:I:186:m
219475:D:186:1
219631:D:185:1
219715:I:185:e
219788:I:186:m
219992:I:187:p
220078:I:188:t
220238:I:189:y
220313:I:190: 
220614:I:191:K
220703:I:192: 
222110:D:192:1
222284:D:191:1
222881:D:190:1
223045:D:189:1
224100:D:188:1
224305:D:187:1
224479:D:186:1
224858:I:186:n
225054:I:187:t
225228:I:188:r
225314:I:189:y
225414:I:190: 
226652:I:191:e
226746:I:192:i
227264:D:192:1
227412:D:191:1
227476:I:191:w
227622:I:192:i
227687:I:193:t
227821:I:194:h
227909:I:195: 
227941:I:196:t
228088:I:197:h
228182:I:198:e
228221:I:199: 
228569:I:200:g
228746:I:201:i
228821:I:202:v
228981:I:203:e
229127:I:204:n
229265:I:205: 
229420:I:206:k
229526:I:207:e
229678:I:208:y
229781:I:209: 
229881:I:210:a
230003:I:211:n
230084:I:212:d
230158:I:213: 
230290:I:214:c
230641:D:214:1
230740:I:214:v
230943:I:215:a
231019:I:216:l
231240:I:217:u
231366:I:218:e
231597:I:219:\n
231603:I:220:     * 
231766:I:227:\n
231772:I:228:     * 
233344:I:235:@
233548:I:236:p
233623:I:237:a
233779:I:238:r
233868:I:239:a
233981:I:240:m
234112:I:241: 
234274:I:242:k
234335:I:243:e
234543:I:244:y
234673:I:245: 
236901:I:246:k
236992:I:247:e
237177:I:248:y
237270:I:249: 
239438:I:250:\n
239457:I:251:     * 
239796:I:258:@
240171:I:259:p
240314:I:260:a
240491:I:261:r
240580:I:262:a
240672:I:263:m
240822:I:264: 
241044:I:265:v
241241:I:266:a
241326:I:267:l
241530:I:268:i
241537:I:269:u
241611:I:270:e
242132:D:270:1
242302:D:269:1
242544:D:268:1
242734:I:268:u
242878:I:269:e
242947:I:270: 
243202:I:271:v
243407:I:272:a
243530:I:273:l
243725:I:274:u
243784:I:275:e
244201:D:283:1
244381:D:282:1
244544:D:281:1
244701:D:280:1
244863:D:279:1
245032:D:278:1
245239:D:277:1
245457:D:276:1
249092:I:377:\n
249097:I:378:    
249338:I:382:\n
249346:I:383:    
249598:I:387:/
249973:I:388:*
250105:I:389:*
250351:I:390:\n
250359:I:391:     * 
250540:I:398:\n
250546:I:399:     * 
251361:I:398:r
251409:I:399:e
251583:I:400:t
251668:I:401:u
251798:I:402:r
251861:I:403:n
251970:I:404:s
252036:I:405: 
252150:I:406:t
252456:D:406:1
252594:I:406:a
252721:I:407:n
253196:D:407:1
253340:I:407: 
253442:I:408:s
253577:I:409:t
253718:I:410:r
253747:I:411:i
253856:I:412:n
253928:I:413:g
254003:I:414: 
254116:I:415:r
254224:I:416:e
254281:I:417:p
254426:I:418:r
254533:I:419:e
254725:I:420:e
255120:D:420:1
255242:I:420:s
255410:I:421:e
255495:I:422:n
255645:I:423:t
255812:I:424:a
255948:I:425:t
256008:I:426:i
256056:I:427:o
256258:I:428:n
257611:I:429: 
257755:I:430:o
257803:I:431:f
257904:I:432: 
257991:I:433:t
258097:I:434:h
258158:I:435:i
258256:I:436:s
258345:I:437: 
258498:I:438:e
258613:I:439:n
258740:I:440:t
258947:I:441:r
259190:I:442:y
261283:I:443:\n
261296:I:444:     * 
261607:I:451:\n
261613:I:452:     * 
265088:I:459:@
265368:I:460:r
265454:I:461:e
265691:I:462:t
265845:I:463:u
265978:I:464:r
266108:I:465:n
266192:I:466: 
266310:I:467:s
266460:I:468:t
266605:I:469:r
266655:I:470:i
266716:I:471:n
266814:I:472:g
266912:I:473: 
267882:D:473:1
268078:D:472:1
268251:D:471:1
268420:D:470:1
268582:I:470: 
268912:I:471:s
269085:I:472:t
269197:I:473:r
269249:I:474:i
269328:I:475:n
269419:I:476:g
269517:I:477: 
269623:I:478:r
269715:I:479:e
269859:I:480:p
269988:I:481:r
270097:I:482:e
270262:I:483:s
270440:I:484:e
270520:I:485:n
270719:I:486:t
271021:I:487:t
271310:D:487:1
271534:D:486:1
272483:I:486:t
272638:I:487:a
272787:I:488:t
272875:I:489:i
272918:I:490:o
273117:I:491:n
273235:I:492: 
273370:I:493:g
273374:I:494:o
273547:I:495: 
273609:I:496:t
273791:I:497:h
273947:D:497:1
274129:D:496:1
274301:D:495:1
274479:D:494:1
274671:I:494:o
274759:I:495:f
274781:I:496: 
275113:D:496:1
275274:D:495:1
275450:D:494:1
275621:D:493:1
275995:I:493:o
276197:I:494:f
276261:I:495: 
276390:I:496:t
276476:I:497:h
276533:I:498:e
276598:I:499: 
276711:I:500:e
276848:I:501:n
276931:I:502:t
277094:I:503:r
277194:I:504:y
280462:I:512:/
280797:I:513:\n
280804:I:515:   
284148:I:518:p
284317:I:519:u
284421:I:520:b
284562:I:521:l
284767:I:522:i
284847:I:523:c
284948:I:524: 
285170:I:525:S
285365:I:526:t
285522:I:527:r
285550:I:528:i
285614:I:529:n
285726:I:530:g
285810:I:531: 
285940:I:532:t
286029:I:533:o
286282:I:534:S
286443:I:535:t
286605:I:536:r
286616:I:537:i
286691:I:538:n
286812:I:539:g
287065:I:540:(
287290:I:541:)
287571:I:542:{
289891:I:543:\n
289897:I:544:        
290494:I:552:r
290753:I:553:t
290859:I:554:i
290996:I:555:r
291090:I:556:n
291421:D:556:1
291614:D:555:1
291776:D:554:1
291936:D:553:1
292010:I:553:e
292156:I:554:t
292290:I:555:u
292433:I:556:r
292489:I:557:n
292500:I:558: 
293263:I:559:k
293395:I:560:e
293943:D:560:1
294414:I:560:e
294585:I:561:y
303346:I:443: 
303748:I:444:l
304675:D:444:1
305122:I:444:\n
305129:I:445:     * 
306826:I:444:l
307027:I:445:i
307172:I:446:k
307265:I:447:e
307663:I:448: 
307976:I:449:k
308233:I:450:e
308609:I:451:y
309426:I:452:\c
309887:I:453:V
310361:I:454:a
310573:I:455:l
310821:I:456:u
310929:I:457:e
313923:I:585: 
314078:I:586:+
314214:I:587: 
314321:I:588:\c
315053:D:588:1
316821:I:588:"
317164:I:589:;
317574:D:589:1
317849:I:589:\c
318275:I:590:"
318825:I:591: 
319010:I:592:+
319130:I:593: 
319256:I:594:v
319497:I:595:a
319589:I:596:l
319811:I:597:u
319914:I:598:e
320095:I:599:;
320579:I:600:\n
320586:I:601:        
320880:I:609:}
320887:D:605:4
326028:I:606:\n
326039:I:607:    
326379:I:611:}
326385:D:607:4
# SESSION_START S9eca3367 FILE:Entry.log PROJECT:CHashMap
5373669:D:61:1
5373842:D:60:1
5374020:D:59:1
5374173:D:58:1
5374355:D:57:1
5376409:D:607:1
5376616:D:606:1
5376794:D:605:1
5376958:D:604:1
5378520:I:604:}
5379098:D:604:1
5437138:D:619:1
5437341:D:618:1
5437547:D:617:1
5437721:D:616:1
5437892:D:615:1
5438067:D:614:1
5438239:D:613:1
5438425:D:612:1
5438598:D:611:1
5438765:D:610:1
5438957:D:609:1
5439155:D:608:1
5439356:D:607:1
5439543:D:606:1
5439748:D:605:1
5439951:D:604:1
5440169:D:603:1
